CRITICAL - 2023-06-05 05:16:17 --> Invalid file: "widget.php"
in SYSTEMPATH\Exceptions\FrameworkException.php on line 33.
 1 SYSTEMPATH\View\View.php(201): CodeIgniter\Exceptions\FrameworkException::forInvalidFile('widget.php')
 2 SYSTEMPATH\Common.php(1184): CodeIgniter\View\View->render('widget', [], true)
 3 APPPATH\Controllers\Home.php(22): view('widget')
 4 SYSTEMPATH\CodeIgniter.php(934): App\Controllers\Home->showPages('widget', 'whatsapp')
 5 SYSTEMPATH\CodeIgniter.php(499): CodeIgniter\CodeIgniter->runController(Object(App\Controllers\Home))
 6 SYSTEMPATH\CodeIgniter.php(368): CodeIgniter\CodeIgniter->handleRequest(null, Object(Config\Cache), false)
 7 FCPATH\index.php(67): CodeIgniter\CodeIgniter->run()
CRITICAL - 2023-06-05 05:16:44 --> Invalid file: "widget.php"
in SYSTEMPATH\Exceptions\FrameworkException.php on line 33.
 1 SYSTEMPATH\View\View.php(201): CodeIgniter\Exceptions\FrameworkException::forInvalidFile('widget.php')
 2 SYSTEMPATH\Common.php(1184): CodeIgniter\View\View->render('widget', [], true)
 3 APPPATH\Controllers\Home.php(22): view('widget')
 4 SYSTEMPATH\CodeIgniter.php(934): App\Controllers\Home->showPages('widget', 'whatsapp')
 5 SYSTEMPATH\CodeIgniter.php(499): CodeIgniter\CodeIgniter->runController(Object(App\Controllers\Home))
 6 SYSTEMPATH\CodeIgniter.php(368): CodeIgniter\CodeIgniter->handleRequest(null, Object(Config\Cache), false)
 7 FCPATH\index.php(67): CodeIgniter\CodeIgniter->run()
CRITICAL - 2023-06-05 05:42:28 --> Invalid file: "widget.php"
in SYSTEMPATH\Exceptions\FrameworkException.php on line 33.
 1 SYSTEMPATH\View\View.php(201): CodeIgniter\Exceptions\FrameworkException::forInvalidFile('widget.php')
 2 SYSTEMPATH\Common.php(1184): CodeIgniter\View\View->render('widget', [], true)
 3 APPPATH\Controllers\Home.php(22): view('widget')
 4 SYSTEMPATH\CodeIgniter.php(934): App\Controllers\Home->showPages('widget', 'profile')
 5 SYSTEMPATH\CodeIgniter.php(499): CodeIgniter\CodeIgniter->runController(Object(App\Controllers\Home))
 6 SYSTEMPATH\CodeIgniter.php(368): CodeIgniter\CodeIgniter->handleRequest(null, Object(Config\Cache), false)
 7 FCPATH\index.php(67): CodeIgniter\CodeIgniter->run()
CRITICAL - 2023-06-05 05:42:30 --> Invalid file: "widget.php"
in SYSTEMPATH\Exceptions\FrameworkException.php on line 33.
 1 SYSTEMPATH\View\View.php(201): CodeIgniter\Exceptions\FrameworkException::forInvalidFile('widget.php')
 2 SYSTEMPATH\Common.php(1184): CodeIgniter\View\View->render('widget', [], true)
 3 APPPATH\Controllers\Home.php(22): view('widget')
 4 SYSTEMPATH\CodeIgniter.php(934): App\Controllers\Home->showPages('widget', 'profile')
 5 SYSTEMPATH\CodeIgniter.php(499): CodeIgniter\CodeIgniter->runController(Object(App\Controllers\Home))
 6 SYSTEMPATH\CodeIgniter.php(368): CodeIgniter\CodeIgniter->handleRequest(null, Object(Config\Cache), false)
 7 FCPATH\index.php(67): CodeIgniter\CodeIgniter->run()
CRITICAL - 2023-06-05 05:42:30 --> Invalid file: "widget.php"
in SYSTEMPATH\Exceptions\FrameworkException.php on line 33.
 1 SYSTEMPATH\View\View.php(201): CodeIgniter\Exceptions\FrameworkException::forInvalidFile('widget.php')
 2 SYSTEMPATH\Common.php(1184): CodeIgniter\View\View->render('widget', [], true)
 3 APPPATH\Controllers\Home.php(22): view('widget')
 4 SYSTEMPATH\CodeIgniter.php(934): App\Controllers\Home->showPages('widget', 'profile')
 5 SYSTEMPATH\CodeIgniter.php(499): CodeIgniter\CodeIgniter->runController(Object(App\Controllers\Home))
 6 SYSTEMPATH\CodeIgniter.php(368): CodeIgniter\CodeIgniter->handleRequest(null, Object(Config\Cache), false)
 7 FCPATH\index.php(67): CodeIgniter\CodeIgniter->run()
CRITICAL - 2023-06-05 06:30:23 --> Invalid file: "assets.php"
in SYSTEMPATH\Exceptions\FrameworkException.php on line 33.
 1 SYSTEMPATH\View\View.php(201): CodeIgniter\Exceptions\FrameworkException::forInvalidFile('assets.php')
 2 SYSTEMPATH\Common.php(1184): CodeIgniter\View\View->render('assets', [], true)
 3 APPPATH\Controllers\Home.php(22): view('assets')
 4 SYSTEMPATH\CodeIgniter.php(934): App\Controllers\Home->showPages('assets', 'js', 'plyr.min.js.map')
 5 SYSTEMPATH\CodeIgniter.php(499): CodeIgniter\CodeIgniter->runController(Object(App\Controllers\Home))
 6 SYSTEMPATH\CodeIgniter.php(368): CodeIgniter\CodeIgniter->handleRequest(null, Object(Config\Cache), false)
 7 FCPATH\index.php(67): CodeIgniter\CodeIgniter->run()
CRITICAL - 2023-06-05 06:30:29 --> Invalid file: "assets.php"
in SYSTEMPATH\Exceptions\FrameworkException.php on line 33.
 1 SYSTEMPATH\View\View.php(201): CodeIgniter\Exceptions\FrameworkException::forInvalidFile('assets.php')
 2 SYSTEMPATH\Common.php(1184): CodeIgniter\View\View->render('assets', [], true)
 3 APPPATH\Controllers\Home.php(22): view('assets')
 4 SYSTEMPATH\CodeIgniter.php(934): App\Controllers\Home->showPages('assets', 'js', 'plyr.min.js.map')
 5 SYSTEMPATH\CodeIgniter.php(499): CodeIgniter\CodeIgniter->runController(Object(App\Controllers\Home))
 6 SYSTEMPATH\CodeIgniter.php(368): CodeIgniter\CodeIgniter->handleRequest(null, Object(Config\Cache), false)
 7 FCPATH\index.php(67): CodeIgniter\CodeIgniter->run()
CRITICAL - 2023-06-05 06:37:11 --> Invalid file: "assets.php"
in SYSTEMPATH\Exceptions\FrameworkException.php on line 33.
 1 SYSTEMPATH\View\View.php(201): CodeIgniter\Exceptions\FrameworkException::forInvalidFile('assets.php')
 2 SYSTEMPATH\Common.php(1184): CodeIgniter\View\View->render('assets', [], true)
 3 APPPATH\Controllers\Home.php(22): view('assets')
 4 SYSTEMPATH\CodeIgniter.php(934): App\Controllers\Home->showPages('assets', 'js', 'plyr.min.js.map')
 5 SYSTEMPATH\CodeIgniter.php(499): CodeIgniter\CodeIgniter->runController(Object(App\Controllers\Home))
 6 SYSTEMPATH\CodeIgniter.php(368): CodeIgniter\CodeIgniter->handleRequest(null, Object(Config\Cache), false)
 7 FCPATH\index.php(67): CodeIgniter\CodeIgniter->run()
CRITICAL - 2023-06-05 06:37:21 --> Invalid file: "assets.php"
in SYSTEMPATH\Exceptions\FrameworkException.php on line 33.
 1 SYSTEMPATH\View\View.php(201): CodeIgniter\Exceptions\FrameworkException::forInvalidFile('assets.php')
 2 SYSTEMPATH\Common.php(1184): CodeIgniter\View\View->render('assets', [], true)
 3 APPPATH\Controllers\Home.php(22): view('assets')
 4 SYSTEMPATH\CodeIgniter.php(934): App\Controllers\Home->showPages('assets', 'js', 'plyr.min.js.map')
 5 SYSTEMPATH\CodeIgniter.php(499): CodeIgniter\CodeIgniter->runController(Object(App\Controllers\Home))
 6 SYSTEMPATH\CodeIgniter.php(368): CodeIgniter\CodeIgniter->handleRequest(null, Object(Config\Cache), false)
 7 FCPATH\index.php(67): CodeIgniter\CodeIgniter->run()
CRITICAL - 2023-06-05 06:42:55 --> Invalid file: "single-widgets.php"
in SYSTEMPATH\Exceptions\FrameworkException.php on line 33.
 1 SYSTEMPATH\View\View.php(201): CodeIgniter\Exceptions\FrameworkException::forInvalidFile('single-widgets.php')
 2 SYSTEMPATH\Common.php(1184): CodeIgniter\View\View->render('single-widgets', [], true)
 3 APPPATH\Controllers\Home.php(22): view('single-widgets')
 4 SYSTEMPATH\CodeIgniter.php(934): App\Controllers\Home->showPages('single-widgets')
 5 SYSTEMPATH\CodeIgniter.php(499): CodeIgniter\CodeIgniter->runController(Object(App\Controllers\Home))
 6 SYSTEMPATH\CodeIgniter.php(368): CodeIgniter\CodeIgniter->handleRequest(null, Object(Config\Cache), false)
 7 FCPATH\index.php(67): CodeIgniter\CodeIgniter->run()
CRITICAL - 2023-06-05 10:08:53 --> Invalid file: "widget.php"
in SYSTEMPATH\Exceptions\FrameworkException.php on line 33.
 1 SYSTEMPATH\View\View.php(201): CodeIgniter\Exceptions\FrameworkException::forInvalidFile('widget.php')
 2 SYSTEMPATH\Common.php(1184): CodeIgniter\View\View->render('widget', [], true)
 3 APPPATH\Controllers\Home.php(22): view('widget')
 4 SYSTEMPATH\CodeIgniter.php(934): App\Controllers\Home->showPages('widget', 'calendar')
 5 SYSTEMPATH\CodeIgniter.php(499): CodeIgniter\CodeIgniter->runController(Object(App\Controllers\Home))
 6 SYSTEMPATH\CodeIgniter.php(368): CodeIgniter\CodeIgniter->handleRequest(null, Object(Config\Cache), false)
 7 FCPATH\index.php(67): CodeIgniter\CodeIgniter->run()
CRITICAL - 2023-06-05 10:09:01 --> Invalid file: "assets.php"
in SYSTEMPATH\Exceptions\FrameworkException.php on line 33.
 1 SYSTEMPATH\View\View.php(201): CodeIgniter\Exceptions\FrameworkException::forInvalidFile('assets.php')
 2 SYSTEMPATH\Common.php(1184): CodeIgniter\View\View->render('assets', [], true)
 3 APPPATH\Controllers\Home.php(22): view('assets')
 4 SYSTEMPATH\CodeIgniter.php(934): App\Controllers\Home->showPages('assets', 'js', 'plyr.min.js.map')
 5 SYSTEMPATH\CodeIgniter.php(499): CodeIgniter\CodeIgniter->runController(Object(App\Controllers\Home))
 6 SYSTEMPATH\CodeIgniter.php(368): CodeIgniter\CodeIgniter->handleRequest(null, Object(Config\Cache), false)
 7 FCPATH\index.php(67): CodeIgniter\CodeIgniter->run()
CRITICAL - 2023-06-05 10:11:00 --> Invalid file: "assets.php"
in SYSTEMPATH\Exceptions\FrameworkException.php on line 33.
 1 SYSTEMPATH\View\View.php(201): CodeIgniter\Exceptions\FrameworkException::forInvalidFile('assets.php')
 2 SYSTEMPATH\Common.php(1184): CodeIgniter\View\View->render('assets', [], true)
 3 APPPATH\Controllers\Home.php(22): view('assets')
 4 SYSTEMPATH\CodeIgniter.php(934): App\Controllers\Home->showPages('assets', 'js', 'plyr.min.js.map')
 5 SYSTEMPATH\CodeIgniter.php(499): CodeIgniter\CodeIgniter->runController(Object(App\Controllers\Home))
 6 SYSTEMPATH\CodeIgniter.php(368): CodeIgniter\CodeIgniter->handleRequest(null, Object(Config\Cache), false)
 7 FCPATH\index.php(67): CodeIgniter\CodeIgniter->run()
CRITICAL - 2023-06-05 10:11:14 --> Invalid file: "widget.php"
in SYSTEMPATH\Exceptions\FrameworkException.php on line 33.
 1 SYSTEMPATH\View\View.php(201): CodeIgniter\Exceptions\FrameworkException::forInvalidFile('widget.php')
 2 SYSTEMPATH\Common.php(1184): CodeIgniter\View\View->render('widget', [], true)
 3 APPPATH\Controllers\Home.php(22): view('widget')
 4 SYSTEMPATH\CodeIgniter.php(934): App\Controllers\Home->showPages('widget', 'calendar')
 5 SYSTEMPATH\CodeIgniter.php(499): CodeIgniter\CodeIgniter->runController(Object(App\Controllers\Home))
 6 SYSTEMPATH\CodeIgniter.php(368): CodeIgniter\CodeIgniter->handleRequest(null, Object(Config\Cache), false)
 7 FCPATH\index.php(67): CodeIgniter\CodeIgniter->run()
CRITICAL - 2023-06-05 10:11:17 --> Invalid file: "widget.php"
in SYSTEMPATH\Exceptions\FrameworkException.php on line 33.
 1 SYSTEMPATH\View\View.php(201): CodeIgniter\Exceptions\FrameworkException::forInvalidFile('widget.php')
 2 SYSTEMPATH\Common.php(1184): CodeIgniter\View\View->render('widget', [], true)
 3 APPPATH\Controllers\Home.php(22): view('widget')
 4 SYSTEMPATH\CodeIgniter.php(934): App\Controllers\Home->showPages('widget', 'calendar')
 5 SYSTEMPATH\CodeIgniter.php(499): CodeIgniter\CodeIgniter->runController(Object(App\Controllers\Home))
 6 SYSTEMPATH\CodeIgniter.php(368): CodeIgniter\CodeIgniter->handleRequest(null, Object(Config\Cache), false)
 7 FCPATH\index.php(67): CodeIgniter\CodeIgniter->run()
CRITICAL - 2023-06-05 10:11:26 --> Invalid file: "widget.php"
in SYSTEMPATH\Exceptions\FrameworkException.php on line 33.
 1 SYSTEMPATH\View\View.php(201): CodeIgniter\Exceptions\FrameworkException::forInvalidFile('widget.php')
 2 SYSTEMPATH\Common.php(1184): CodeIgniter\View\View->render('widget', [], true)
 3 APPPATH\Controllers\Home.php(22): view('widget')
 4 SYSTEMPATH\CodeIgniter.php(934): App\Controllers\Home->showPages('widget', 'calendar')
 5 SYSTEMPATH\CodeIgniter.php(499): CodeIgniter\CodeIgniter->runController(Object(App\Controllers\Home))
 6 SYSTEMPATH\CodeIgniter.php(368): CodeIgniter\CodeIgniter->handleRequest(null, Object(Config\Cache), false)
 7 FCPATH\index.php(67): CodeIgniter\CodeIgniter->run()
CRITICAL - 2023-06-05 10:11:28 --> Invalid file: "widget.php"
in SYSTEMPATH\Exceptions\FrameworkException.php on line 33.
 1 SYSTEMPATH\View\View.php(201): CodeIgniter\Exceptions\FrameworkException::forInvalidFile('widget.php')
 2 SYSTEMPATH\Common.php(1184): CodeIgniter\View\View->render('widget', [], true)
 3 APPPATH\Controllers\Home.php(22): view('widget')
 4 SYSTEMPATH\CodeIgniter.php(934): App\Controllers\Home->showPages('widget', 'calendar')
 5 SYSTEMPATH\CodeIgniter.php(499): CodeIgniter\CodeIgniter->runController(Object(App\Controllers\Home))
 6 SYSTEMPATH\CodeIgniter.php(368): CodeIgniter\CodeIgniter->handleRequest(null, Object(Config\Cache), false)
 7 FCPATH\index.php(67): CodeIgniter\CodeIgniter->run()
CRITICAL - 2023-06-05 10:11:31 --> Invalid file: "widget.php"
in SYSTEMPATH\Exceptions\FrameworkException.php on line 33.
 1 SYSTEMPATH\View\View.php(201): CodeIgniter\Exceptions\FrameworkException::forInvalidFile('widget.php')
 2 SYSTEMPATH\Common.php(1184): CodeIgniter\View\View->render('widget', [], true)
 3 APPPATH\Controllers\Home.php(22): view('widget')
 4 SYSTEMPATH\CodeIgniter.php(934): App\Controllers\Home->showPages('widget', 'calendar')
 5 SYSTEMPATH\CodeIgniter.php(499): CodeIgniter\CodeIgniter->runController(Object(App\Controllers\Home))
 6 SYSTEMPATH\CodeIgniter.php(368): CodeIgniter\CodeIgniter->handleRequest(null, Object(Config\Cache), false)
 7 FCPATH\index.php(67): CodeIgniter\CodeIgniter->run()
CRITICAL - 2023-06-05 10:11:39 --> Invalid file: "widget.php"
in SYSTEMPATH\Exceptions\FrameworkException.php on line 33.
 1 SYSTEMPATH\View\View.php(201): CodeIgniter\Exceptions\FrameworkException::forInvalidFile('widget.php')
 2 SYSTEMPATH\Common.php(1184): CodeIgniter\View\View->render('widget', [], true)
 3 APPPATH\Controllers\Home.php(22): view('widget')
 4 SYSTEMPATH\CodeIgniter.php(934): App\Controllers\Home->showPages('widget', 'calendar')
 5 SYSTEMPATH\CodeIgniter.php(499): CodeIgniter\CodeIgniter->runController(Object(App\Controllers\Home))
 6 SYSTEMPATH\CodeIgniter.php(368): CodeIgniter\CodeIgniter->handleRequest(null, Object(Config\Cache), false)
 7 FCPATH\index.php(67): CodeIgniter\CodeIgniter->run()
CRITICAL - 2023-06-05 10:11:41 --> Invalid file: "widget.php"
in SYSTEMPATH\Exceptions\FrameworkException.php on line 33.
 1 SYSTEMPATH\View\View.php(201): CodeIgniter\Exceptions\FrameworkException::forInvalidFile('widget.php')
 2 SYSTEMPATH\Common.php(1184): CodeIgniter\View\View->render('widget', [], true)
 3 APPPATH\Controllers\Home.php(22): view('widget')
 4 SYSTEMPATH\CodeIgniter.php(934): App\Controllers\Home->showPages('widget', 'calendar')
 5 SYSTEMPATH\CodeIgniter.php(499): CodeIgniter\CodeIgniter->runController(Object(App\Controllers\Home))
 6 SYSTEMPATH\CodeIgniter.php(368): CodeIgniter\CodeIgniter->handleRequest(null, Object(Config\Cache), false)
 7 FCPATH\index.php(67): CodeIgniter\CodeIgniter->run()
CRITICAL - 2023-06-05 10:11:50 --> Invalid file: "widget.php"
in SYSTEMPATH\Exceptions\FrameworkException.php on line 33.
 1 SYSTEMPATH\View\View.php(201): CodeIgniter\Exceptions\FrameworkException::forInvalidFile('widget.php')
 2 SYSTEMPATH\Common.php(1184): CodeIgniter\View\View->render('widget', [], true)
 3 APPPATH\Controllers\Home.php(22): view('widget')
 4 SYSTEMPATH\CodeIgniter.php(934): App\Controllers\Home->showPages('widget', 'calendar')
 5 SYSTEMPATH\CodeIgniter.php(499): CodeIgniter\CodeIgniter->runController(Object(App\Controllers\Home))
 6 SYSTEMPATH\CodeIgniter.php(368): CodeIgniter\CodeIgniter->handleRequest(null, Object(Config\Cache), false)
 7 FCPATH\index.php(67): CodeIgniter\CodeIgniter->run()
CRITICAL - 2023-06-05 10:11:50 --> Invalid file: "widget.php"
in SYSTEMPATH\Exceptions\FrameworkException.php on line 33.
 1 SYSTEMPATH\View\View.php(201): CodeIgniter\Exceptions\FrameworkException::forInvalidFile('widget.php')
 2 SYSTEMPATH\Common.php(1184): CodeIgniter\View\View->render('widget', [], true)
 3 APPPATH\Controllers\Home.php(22): view('widget')
 4 SYSTEMPATH\CodeIgniter.php(934): App\Controllers\Home->showPages('widget', 'calendar')
 5 SYSTEMPATH\CodeIgniter.php(499): CodeIgniter\CodeIgniter->runController(Object(App\Controllers\Home))
 6 SYSTEMPATH\CodeIgniter.php(368): CodeIgniter\CodeIgniter->handleRequest(null, Object(Config\Cache), false)
 7 FCPATH\index.php(67): CodeIgniter\CodeIgniter->run()
CRITICAL - 2023-06-05 10:11:51 --> Invalid file: "widget.php"
in SYSTEMPATH\Exceptions\FrameworkException.php on line 33.
 1 SYSTEMPATH\View\View.php(201): CodeIgniter\Exceptions\FrameworkException::forInvalidFile('widget.php')
 2 SYSTEMPATH\Common.php(1184): CodeIgniter\View\View->render('widget', [], true)
 3 APPPATH\Controllers\Home.php(22): view('widget')
 4 SYSTEMPATH\CodeIgniter.php(934): App\Controllers\Home->showPages('widget', 'calendar')
 5 SYSTEMPATH\CodeIgniter.php(499): CodeIgniter\CodeIgniter->runController(Object(App\Controllers\Home))
 6 SYSTEMPATH\CodeIgniter.php(368): CodeIgniter\CodeIgniter->handleRequest(null, Object(Config\Cache), false)
 7 FCPATH\index.php(67): CodeIgniter\CodeIgniter->run()
CRITICAL - 2023-06-05 10:11:51 --> Invalid file: "widget.php"
in SYSTEMPATH\Exceptions\FrameworkException.php on line 33.
 1 SYSTEMPATH\View\View.php(201): CodeIgniter\Exceptions\FrameworkException::forInvalidFile('widget.php')
 2 SYSTEMPATH\Common.php(1184): CodeIgniter\View\View->render('widget', [], true)
 3 APPPATH\Controllers\Home.php(22): view('widget')
 4 SYSTEMPATH\CodeIgniter.php(934): App\Controllers\Home->showPages('widget', 'calendar')
 5 SYSTEMPATH\CodeIgniter.php(499): CodeIgniter\CodeIgniter->runController(Object(App\Controllers\Home))
 6 SYSTEMPATH\CodeIgniter.php(368): CodeIgniter\CodeIgniter->handleRequest(null, Object(Config\Cache), false)
 7 FCPATH\index.php(67): CodeIgniter\CodeIgniter->run()
CRITICAL - 2023-06-05 10:12:00 --> Invalid file: "widget.php"
in SYSTEMPATH\Exceptions\FrameworkException.php on line 33.
 1 SYSTEMPATH\View\View.php(201): CodeIgniter\Exceptions\FrameworkException::forInvalidFile('widget.php')
 2 SYSTEMPATH\Common.php(1184): CodeIgniter\View\View->render('widget', [], true)
 3 APPPATH\Controllers\Home.php(22): view('widget')
 4 SYSTEMPATH\CodeIgniter.php(934): App\Controllers\Home->showPages('widget', 'calendar')
 5 SYSTEMPATH\CodeIgniter.php(499): CodeIgniter\CodeIgniter->runController(Object(App\Controllers\Home))
 6 SYSTEMPATH\CodeIgniter.php(368): CodeIgniter\CodeIgniter->handleRequest(null, Object(Config\Cache), false)
 7 FCPATH\index.php(67): CodeIgniter\CodeIgniter->run()
CRITICAL - 2023-06-05 10:15:48 --> Invalid file: "assets.php"
in SYSTEMPATH\Exceptions\FrameworkException.php on line 33.
 1 SYSTEMPATH\View\View.php(201): CodeIgniter\Exceptions\FrameworkException::forInvalidFile('assets.php')
 2 SYSTEMPATH\Common.php(1184): CodeIgniter\View\View->render('assets', [], true)
 3 APPPATH\Controllers\Home.php(22): view('assets')
 4 SYSTEMPATH\CodeIgniter.php(934): App\Controllers\Home->showPages('assets', 'js', 'plyr.min.js.map')
 5 SYSTEMPATH\CodeIgniter.php(499): CodeIgniter\CodeIgniter->runController(Object(App\Controllers\Home))
 6 SYSTEMPATH\CodeIgniter.php(368): CodeIgniter\CodeIgniter->handleRequest(null, Object(Config\Cache), false)
 7 FCPATH\index.php(67): CodeIgniter\CodeIgniter->run()
CRITICAL - 2023-06-05 10:16:00 --> Invalid file: "assets.php"
in SYSTEMPATH\Exceptions\FrameworkException.php on line 33.
 1 SYSTEMPATH\View\View.php(201): CodeIgniter\Exceptions\FrameworkException::forInvalidFile('assets.php')
 2 SYSTEMPATH\Common.php(1184): CodeIgniter\View\View->render('assets', [], true)
 3 APPPATH\Controllers\Home.php(22): view('assets')
 4 SYSTEMPATH\CodeIgniter.php(934): App\Controllers\Home->showPages('assets', 'js', 'plyr.min.js.map')
 5 SYSTEMPATH\CodeIgniter.php(499): CodeIgniter\CodeIgniter->runController(Object(App\Controllers\Home))
 6 SYSTEMPATH\CodeIgniter.php(368): CodeIgniter\CodeIgniter->handleRequest(null, Object(Config\Cache), false)
 7 FCPATH\index.php(67): CodeIgniter\CodeIgniter->run()
CRITICAL - 2023-06-05 10:16:26 --> Invalid file: "assets.php"
in SYSTEMPATH\Exceptions\FrameworkException.php on line 33.
 1 SYSTEMPATH\View\View.php(201): CodeIgniter\Exceptions\FrameworkException::forInvalidFile('assets.php')
 2 SYSTEMPATH\Common.php(1184): CodeIgniter\View\View->render('assets', [], true)
 3 APPPATH\Controllers\Home.php(22): view('assets')
 4 SYSTEMPATH\CodeIgniter.php(934): App\Controllers\Home->showPages('assets', 'js', 'plyr.min.js.map')
 5 SYSTEMPATH\CodeIgniter.php(499): CodeIgniter\CodeIgniter->runController(Object(App\Controllers\Home))
 6 SYSTEMPATH\CodeIgniter.php(368): CodeIgniter\CodeIgniter->handleRequest(null, Object(Config\Cache), false)
 7 FCPATH\index.php(67): CodeIgniter\CodeIgniter->run()
CRITICAL - 2023-06-05 10:17:09 --> Invalid file: "assets.php"
in SYSTEMPATH\Exceptions\FrameworkException.php on line 33.
 1 SYSTEMPATH\View\View.php(201): CodeIgniter\Exceptions\FrameworkException::forInvalidFile('assets.php')
 2 SYSTEMPATH\Common.php(1184): CodeIgniter\View\View->render('assets', [], true)
 3 APPPATH\Controllers\Home.php(22): view('assets')
 4 SYSTEMPATH\CodeIgniter.php(934): App\Controllers\Home->showPages('assets', 'js', 'plyr.min.js.map')
 5 SYSTEMPATH\CodeIgniter.php(499): CodeIgniter\CodeIgniter->runController(Object(App\Controllers\Home))
 6 SYSTEMPATH\CodeIgniter.php(368): CodeIgniter\CodeIgniter->handleRequest(null, Object(Config\Cache), false)
 7 FCPATH\index.php(67): CodeIgniter\CodeIgniter->run()
CRITICAL - 2023-06-05 10:17:49 --> Invalid file: "assets.php"
in SYSTEMPATH\Exceptions\FrameworkException.php on line 33.
 1 SYSTEMPATH\View\View.php(201): CodeIgniter\Exceptions\FrameworkException::forInvalidFile('assets.php')
 2 SYSTEMPATH\Common.php(1184): CodeIgniter\View\View->render('assets', [], true)
 3 APPPATH\Controllers\Home.php(22): view('assets')
 4 SYSTEMPATH\CodeIgniter.php(934): App\Controllers\Home->showPages('assets', 'js', 'plyr.min.js.map')
 5 SYSTEMPATH\CodeIgniter.php(499): CodeIgniter\CodeIgniter->runController(Object(App\Controllers\Home))
 6 SYSTEMPATH\CodeIgniter.php(368): CodeIgniter\CodeIgniter->handleRequest(null, Object(Config\Cache), false)
 7 FCPATH\index.php(67): CodeIgniter\CodeIgniter->run()
CRITICAL - 2023-06-05 10:18:01 --> Invalid file: "assets.php"
in SYSTEMPATH\Exceptions\FrameworkException.php on line 33.
 1 SYSTEMPATH\View\View.php(201): CodeIgniter\Exceptions\FrameworkException::forInvalidFile('assets.php')
 2 SYSTEMPATH\Common.php(1184): CodeIgniter\View\View->render('assets', [], true)
 3 APPPATH\Controllers\Home.php(22): view('assets')
 4 SYSTEMPATH\CodeIgniter.php(934): App\Controllers\Home->showPages('assets', 'js', 'plyr.min.js.map')
 5 SYSTEMPATH\CodeIgniter.php(499): CodeIgniter\CodeIgniter->runController(Object(App\Controllers\Home))
 6 SYSTEMPATH\CodeIgniter.php(368): CodeIgniter\CodeIgniter->handleRequest(null, Object(Config\Cache), false)
 7 FCPATH\index.php(67): CodeIgniter\CodeIgniter->run()
CRITICAL - 2023-06-05 10:19:19 --> Invalid file: "assets.php"
in SYSTEMPATH\Exceptions\FrameworkException.php on line 33.
 1 SYSTEMPATH\View\View.php(201): CodeIgniter\Exceptions\FrameworkException::forInvalidFile('assets.php')
 2 SYSTEMPATH\Common.php(1184): CodeIgniter\View\View->render('assets', [], true)
 3 APPPATH\Controllers\Home.php(22): view('assets')
 4 SYSTEMPATH\CodeIgniter.php(934): App\Controllers\Home->showPages('assets', 'js', 'plyr.min.js.map')
 5 SYSTEMPATH\CodeIgniter.php(499): CodeIgniter\CodeIgniter->runController(Object(App\Controllers\Home))
 6 SYSTEMPATH\CodeIgniter.php(368): CodeIgniter\CodeIgniter->handleRequest(null, Object(Config\Cache), false)
 7 FCPATH\index.php(67): CodeIgniter\CodeIgniter->run()
CRITICAL - 2023-06-05 10:19:39 --> Invalid file: "assets.php"
in SYSTEMPATH\Exceptions\FrameworkException.php on line 33.
 1 SYSTEMPATH\View\View.php(201): CodeIgniter\Exceptions\FrameworkException::forInvalidFile('assets.php')
 2 SYSTEMPATH\Common.php(1184): CodeIgniter\View\View->render('assets', [], true)
 3 APPPATH\Controllers\Home.php(22): view('assets')
 4 SYSTEMPATH\CodeIgniter.php(934): App\Controllers\Home->showPages('assets', 'js', 'plyr.min.js.map')
 5 SYSTEMPATH\CodeIgniter.php(499): CodeIgniter\CodeIgniter->runController(Object(App\Controllers\Home))
 6 SYSTEMPATH\CodeIgniter.php(368): CodeIgniter\CodeIgniter->handleRequest(null, Object(Config\Cache), false)
 7 FCPATH\index.php(67): CodeIgniter\CodeIgniter->run()
CRITICAL - 2023-06-05 10:19:41 --> Invalid file: "assets.php"
in SYSTEMPATH\Exceptions\FrameworkException.php on line 33.
 1 SYSTEMPATH\View\View.php(201): CodeIgniter\Exceptions\FrameworkException::forInvalidFile('assets.php')
 2 SYSTEMPATH\Common.php(1184): CodeIgniter\View\View->render('assets', [], true)
 3 APPPATH\Controllers\Home.php(22): view('assets')
 4 SYSTEMPATH\CodeIgniter.php(934): App\Controllers\Home->showPages('assets', 'js', 'plyr.min.js.map')
 5 SYSTEMPATH\CodeIgniter.php(499): CodeIgniter\CodeIgniter->runController(Object(App\Controllers\Home))
 6 SYSTEMPATH\CodeIgniter.php(368): CodeIgniter\CodeIgniter->handleRequest(null, Object(Config\Cache), false)
 7 FCPATH\index.php(67): CodeIgniter\CodeIgniter->run()
CRITICAL - 2023-06-05 10:19:43 --> Invalid file: "assets.php"
in SYSTEMPATH\Exceptions\FrameworkException.php on line 33.
 1 SYSTEMPATH\View\View.php(201): CodeIgniter\Exceptions\FrameworkException::forInvalidFile('assets.php')
 2 SYSTEMPATH\Common.php(1184): CodeIgniter\View\View->render('assets', [], true)
 3 APPPATH\Controllers\Home.php(22): view('assets')
 4 SYSTEMPATH\CodeIgniter.php(934): App\Controllers\Home->showPages('assets', 'js', 'plyr.min.js.map')
 5 SYSTEMPATH\CodeIgniter.php(499): CodeIgniter\CodeIgniter->runController(Object(App\Controllers\Home))
 6 SYSTEMPATH\CodeIgniter.php(368): CodeIgniter\CodeIgniter->handleRequest(null, Object(Config\Cache), false)
 7 FCPATH\index.php(67): CodeIgniter\CodeIgniter->run()
CRITICAL - 2023-06-05 10:19:44 --> Invalid file: "assets.php"
in SYSTEMPATH\Exceptions\FrameworkException.php on line 33.
 1 SYSTEMPATH\View\View.php(201): CodeIgniter\Exceptions\FrameworkException::forInvalidFile('assets.php')
 2 SYSTEMPATH\Common.php(1184): CodeIgniter\View\View->render('assets', [], true)
 3 APPPATH\Controllers\Home.php(22): view('assets')
 4 SYSTEMPATH\CodeIgniter.php(934): App\Controllers\Home->showPages('assets', 'js', 'plyr.min.js.map')
 5 SYSTEMPATH\CodeIgniter.php(499): CodeIgniter\CodeIgniter->runController(Object(App\Controllers\Home))
 6 SYSTEMPATH\CodeIgniter.php(368): CodeIgniter\CodeIgniter->handleRequest(null, Object(Config\Cache), false)
 7 FCPATH\index.php(67): CodeIgniter\CodeIgniter->run()
CRITICAL - 2023-06-05 10:20:00 --> Invalid file: "assets.php"
in SYSTEMPATH\Exceptions\FrameworkException.php on line 33.
 1 SYSTEMPATH\View\View.php(201): CodeIgniter\Exceptions\FrameworkException::forInvalidFile('assets.php')
 2 SYSTEMPATH\Common.php(1184): CodeIgniter\View\View->render('assets', [], true)
 3 APPPATH\Controllers\Home.php(22): view('assets')
 4 SYSTEMPATH\CodeIgniter.php(934): App\Controllers\Home->showPages('assets', 'js', 'plyr.min.js.map')
 5 SYSTEMPATH\CodeIgniter.php(499): CodeIgniter\CodeIgniter->runController(Object(App\Controllers\Home))
 6 SYSTEMPATH\CodeIgniter.php(368): CodeIgniter\CodeIgniter->handleRequest(null, Object(Config\Cache), false)
 7 FCPATH\index.php(67): CodeIgniter\CodeIgniter->run()
CRITICAL - 2023-06-05 10:20:02 --> Invalid file: "assets.php"
in SYSTEMPATH\Exceptions\FrameworkException.php on line 33.
 1 SYSTEMPATH\View\View.php(201): CodeIgniter\Exceptions\FrameworkException::forInvalidFile('assets.php')
 2 SYSTEMPATH\Common.php(1184): CodeIgniter\View\View->render('assets', [], true)
 3 APPPATH\Controllers\Home.php(22): view('assets')
 4 SYSTEMPATH\CodeIgniter.php(934): App\Controllers\Home->showPages('assets', 'js', 'plyr.min.js.map')
 5 SYSTEMPATH\CodeIgniter.php(499): CodeIgniter\CodeIgniter->runController(Object(App\Controllers\Home))
 6 SYSTEMPATH\CodeIgniter.php(368): CodeIgniter\CodeIgniter->handleRequest(null, Object(Config\Cache), false)
 7 FCPATH\index.php(67): CodeIgniter\CodeIgniter->run()
CRITICAL - 2023-06-05 10:21:59 --> Invalid file: "assets.php"
in SYSTEMPATH\Exceptions\FrameworkException.php on line 33.
 1 SYSTEMPATH\View\View.php(201): CodeIgniter\Exceptions\FrameworkException::forInvalidFile('assets.php')
 2 SYSTEMPATH\Common.php(1184): CodeIgniter\View\View->render('assets', [], true)
 3 APPPATH\Controllers\Home.php(22): view('assets')
 4 SYSTEMPATH\CodeIgniter.php(934): App\Controllers\Home->showPages('assets', 'js', 'plyr.min.js.map')
 5 SYSTEMPATH\CodeIgniter.php(499): CodeIgniter\CodeIgniter->runController(Object(App\Controllers\Home))
 6 SYSTEMPATH\CodeIgniter.php(368): CodeIgniter\CodeIgniter->handleRequest(null, Object(Config\Cache), false)
 7 FCPATH\index.php(67): CodeIgniter\CodeIgniter->run()
CRITICAL - 2023-06-05 10:30:45 --> Invalid file: "assets.php"
in SYSTEMPATH\Exceptions\FrameworkException.php on line 33.
 1 SYSTEMPATH\View\View.php(201): CodeIgniter\Exceptions\FrameworkException::forInvalidFile('assets.php')
 2 SYSTEMPATH\Common.php(1184): CodeIgniter\View\View->render('assets', [], true)
 3 APPPATH\Controllers\Home.php(20): view('assets')
 4 SYSTEMPATH\CodeIgniter.php(934): App\Controllers\Home->showPages('assets', 'js', 'plyr.min.js.map')
 5 SYSTEMPATH\CodeIgniter.php(499): CodeIgniter\CodeIgniter->runController(Object(App\Controllers\Home))
 6 SYSTEMPATH\CodeIgniter.php(368): CodeIgniter\CodeIgniter->handleRequest(null, Object(Config\Cache), false)
 7 FCPATH\index.php(67): CodeIgniter\CodeIgniter->run()
CRITICAL - 2023-06-05 11:17:00 --> Invalid file: "assets.php"
in SYSTEMPATH\Exceptions\FrameworkException.php on line 33.
 1 SYSTEMPATH\View\View.php(201): CodeIgniter\Exceptions\FrameworkException::forInvalidFile('assets.php')
 2 SYSTEMPATH\Common.php(1184): CodeIgniter\View\View->render('assets', [], true)
 3 APPPATH\Controllers\Home.php(20): view('assets')
 4 SYSTEMPATH\CodeIgniter.php(934): App\Controllers\Home->showPages('assets', 'js', 'plyr.min.js.map')
 5 SYSTEMPATH\CodeIgniter.php(499): CodeIgniter\CodeIgniter->runController(Object(App\Controllers\Home))
 6 SYSTEMPATH\CodeIgniter.php(368): CodeIgniter\CodeIgniter->handleRequest(null, Object(Config\Cache), false)
 7 FCPATH\index.php(67): CodeIgniter\CodeIgniter->run()
CRITICAL - 2023-06-05 11:20:03 --> Invalid file: "assets.php"
in SYSTEMPATH\Exceptions\FrameworkException.php on line 33.
 1 SYSTEMPATH\View\View.php(201): CodeIgniter\Exceptions\FrameworkException::forInvalidFile('assets.php')
 2 SYSTEMPATH\Common.php(1184): CodeIgniter\View\View->render('assets', [], true)
 3 APPPATH\Controllers\Home.php(20): view('assets')
 4 SYSTEMPATH\CodeIgniter.php(934): App\Controllers\Home->showPages('assets', 'js', 'plyr.min.js.map')
 5 SYSTEMPATH\CodeIgniter.php(499): CodeIgniter\CodeIgniter->runController(Object(App\Controllers\Home))
 6 SYSTEMPATH\CodeIgniter.php(368): CodeIgniter\CodeIgniter->handleRequest(null, Object(Config\Cache), false)
 7 FCPATH\index.php(67): CodeIgniter\CodeIgniter->run()
CRITICAL - 2023-06-05 11:20:47 --> Invalid file: "assets.php"
in SYSTEMPATH\Exceptions\FrameworkException.php on line 33.
 1 SYSTEMPATH\View\View.php(201): CodeIgniter\Exceptions\FrameworkException::forInvalidFile('assets.php')
 2 SYSTEMPATH\Common.php(1184): CodeIgniter\View\View->render('assets', [], true)
 3 APPPATH\Controllers\Home.php(20): view('assets')
 4 SYSTEMPATH\CodeIgniter.php(934): App\Controllers\Home->showPages('assets', 'js', 'plyr.min.js.map')
 5 SYSTEMPATH\CodeIgniter.php(499): CodeIgniter\CodeIgniter->runController(Object(App\Controllers\Home))
 6 SYSTEMPATH\CodeIgniter.php(368): CodeIgniter\CodeIgniter->handleRequest(null, Object(Config\Cache), false)
 7 FCPATH\index.php(67): CodeIgniter\CodeIgniter->run()
CRITICAL - 2023-06-05 11:22:07 --> Invalid file: "assets.php"
in SYSTEMPATH\Exceptions\FrameworkException.php on line 33.
 1 SYSTEMPATH\View\View.php(201): CodeIgniter\Exceptions\FrameworkException::forInvalidFile('assets.php')
 2 SYSTEMPATH\Common.php(1184): CodeIgniter\View\View->render('assets', [], true)
 3 APPPATH\Controllers\Home.php(20): view('assets')
 4 SYSTEMPATH\CodeIgniter.php(934): App\Controllers\Home->showPages('assets', 'js', 'plyr.min.js.map')
 5 SYSTEMPATH\CodeIgniter.php(499): CodeIgniter\CodeIgniter->runController(Object(App\Controllers\Home))
 6 SYSTEMPATH\CodeIgniter.php(368): CodeIgniter\CodeIgniter->handleRequest(null, Object(Config\Cache), false)
 7 FCPATH\index.php(67): CodeIgniter\CodeIgniter->run()
CRITICAL - 2023-06-05 11:22:41 --> Invalid file: "assets.php"
in SYSTEMPATH\Exceptions\FrameworkException.php on line 33.
 1 SYSTEMPATH\View\View.php(201): CodeIgniter\Exceptions\FrameworkException::forInvalidFile('assets.php')
 2 SYSTEMPATH\Common.php(1184): CodeIgniter\View\View->render('assets', [], true)
 3 APPPATH\Controllers\Home.php(20): view('assets')
 4 SYSTEMPATH\CodeIgniter.php(934): App\Controllers\Home->showPages('assets', 'js', 'plyr.min.js.map')
 5 SYSTEMPATH\CodeIgniter.php(499): CodeIgniter\CodeIgniter->runController(Object(App\Controllers\Home))
 6 SYSTEMPATH\CodeIgniter.php(368): CodeIgniter\CodeIgniter->handleRequest(null, Object(Config\Cache), false)
 7 FCPATH\index.php(67): CodeIgniter\CodeIgniter->run()
CRITICAL - 2023-06-05 11:29:21 --> Invalid file: "assets.php"
in SYSTEMPATH\Exceptions\FrameworkException.php on line 33.
 1 SYSTEMPATH\View\View.php(201): CodeIgniter\Exceptions\FrameworkException::forInvalidFile('assets.php')
 2 SYSTEMPATH\Common.php(1184): CodeIgniter\View\View->render('assets', [], true)
 3 APPPATH\Controllers\Home.php(20): view('assets')
 4 SYSTEMPATH\CodeIgniter.php(934): App\Controllers\Home->showPages('assets', 'js', 'plyr.min.js.map')
 5 SYSTEMPATH\CodeIgniter.php(499): CodeIgniter\CodeIgniter->runController(Object(App\Controllers\Home))
 6 SYSTEMPATH\CodeIgniter.php(368): CodeIgniter\CodeIgniter->handleRequest(null, Object(Config\Cache), false)
 7 FCPATH\index.php(67): CodeIgniter\CodeIgniter->run()
CRITICAL - 2023-06-05 12:32:24 --> Invalid file: "assets.php"
in SYSTEMPATH\Exceptions\FrameworkException.php on line 33.
 1 SYSTEMPATH\View\View.php(201): CodeIgniter\Exceptions\FrameworkException::forInvalidFile('assets.php')
 2 SYSTEMPATH\Common.php(1184): CodeIgniter\View\View->render('assets', [], true)
 3 APPPATH\Controllers\Home.php(20): view('assets')
 4 SYSTEMPATH\CodeIgniter.php(934): App\Controllers\Home->showPages('assets', 'js', 'plyr.min.js.map')
 5 SYSTEMPATH\CodeIgniter.php(499): CodeIgniter\CodeIgniter->runController(Object(App\Controllers\Home))
 6 SYSTEMPATH\CodeIgniter.php(368): CodeIgniter\CodeIgniter->handleRequest(null, Object(Config\Cache), false)
 7 FCPATH\index.php(67): CodeIgniter\CodeIgniter->run()
CRITICAL - 2023-06-05 12:32:33 --> Invalid file: "assets.php"
in SYSTEMPATH\Exceptions\FrameworkException.php on line 33.
 1 SYSTEMPATH\View\View.php(201): CodeIgniter\Exceptions\FrameworkException::forInvalidFile('assets.php')
 2 SYSTEMPATH\Common.php(1184): CodeIgniter\View\View->render('assets', [], true)
 3 APPPATH\Controllers\Home.php(20): view('assets')
 4 SYSTEMPATH\CodeIgniter.php(934): App\Controllers\Home->showPages('assets', 'js', 'plyr.min.js.map')
 5 SYSTEMPATH\CodeIgniter.php(499): CodeIgniter\CodeIgniter->runController(Object(App\Controllers\Home))
 6 SYSTEMPATH\CodeIgniter.php(368): CodeIgniter\CodeIgniter->handleRequest(null, Object(Config\Cache), false)
 7 FCPATH\index.php(67): CodeIgniter\CodeIgniter->run()
CRITICAL - 2023-06-05 12:32:56 --> Invalid file: "assets.php"
in SYSTEMPATH\Exceptions\FrameworkException.php on line 33.
 1 SYSTEMPATH\View\View.php(201): CodeIgniter\Exceptions\FrameworkException::forInvalidFile('assets.php')
 2 SYSTEMPATH\Common.php(1184): CodeIgniter\View\View->render('assets', [], true)
 3 APPPATH\Controllers\Home.php(20): view('assets')
 4 SYSTEMPATH\CodeIgniter.php(934): App\Controllers\Home->showPages('assets', 'js', 'plyr.min.js.map')
 5 SYSTEMPATH\CodeIgniter.php(499): CodeIgniter\CodeIgniter->runController(Object(App\Controllers\Home))
 6 SYSTEMPATH\CodeIgniter.php(368): CodeIgniter\CodeIgniter->handleRequest(null, Object(Config\Cache), false)
 7 FCPATH\index.php(67): CodeIgniter\CodeIgniter->run()
CRITICAL - 2023-06-05 12:37:21 --> Invalid file: "assets.php"
in SYSTEMPATH\Exceptions\FrameworkException.php on line 33.
 1 SYSTEMPATH\View\View.php(201): CodeIgniter\Exceptions\FrameworkException::forInvalidFile('assets.php')
 2 SYSTEMPATH\Common.php(1184): CodeIgniter\View\View->render('assets', [], true)
 3 APPPATH\Controllers\Home.php(20): view('assets')
 4 SYSTEMPATH\CodeIgniter.php(934): App\Controllers\Home->showPages('assets', 'js', 'plyr.min.js.map')
 5 SYSTEMPATH\CodeIgniter.php(499): CodeIgniter\CodeIgniter->runController(Object(App\Controllers\Home))
 6 SYSTEMPATH\CodeIgniter.php(368): CodeIgniter\CodeIgniter->handleRequest(null, Object(Config\Cache), false)
 7 FCPATH\index.php(67): CodeIgniter\CodeIgniter->run()
CRITICAL - 2023-06-05 12:37:35 --> Invalid file: "assets.php"
in SYSTEMPATH\Exceptions\FrameworkException.php on line 33.
 1 SYSTEMPATH\View\View.php(201): CodeIgniter\Exceptions\FrameworkException::forInvalidFile('assets.php')
 2 SYSTEMPATH\Common.php(1184): CodeIgniter\View\View->render('assets', [], true)
 3 APPPATH\Controllers\Home.php(20): view('assets')
 4 SYSTEMPATH\CodeIgniter.php(934): App\Controllers\Home->showPages('assets', 'js', 'plyr.min.js.map')
 5 SYSTEMPATH\CodeIgniter.php(499): CodeIgniter\CodeIgniter->runController(Object(App\Controllers\Home))
 6 SYSTEMPATH\CodeIgniter.php(368): CodeIgniter\CodeIgniter->handleRequest(null, Object(Config\Cache), false)
 7 FCPATH\index.php(67): CodeIgniter\CodeIgniter->run()
CRITICAL - 2023-06-05 12:37:56 --> Invalid file: "assets.php"
in SYSTEMPATH\Exceptions\FrameworkException.php on line 33.
 1 SYSTEMPATH\View\View.php(201): CodeIgniter\Exceptions\FrameworkException::forInvalidFile('assets.php')
 2 SYSTEMPATH\Common.php(1184): CodeIgniter\View\View->render('assets', [], true)
 3 APPPATH\Controllers\Home.php(20): view('assets')
 4 SYSTEMPATH\CodeIgniter.php(934): App\Controllers\Home->showPages('assets', 'js', 'plyr.min.js.map')
 5 SYSTEMPATH\CodeIgniter.php(499): CodeIgniter\CodeIgniter->runController(Object(App\Controllers\Home))
 6 SYSTEMPATH\CodeIgniter.php(368): CodeIgniter\CodeIgniter->handleRequest(null, Object(Config\Cache), false)
 7 FCPATH\index.php(67): CodeIgniter\CodeIgniter->run()
CRITICAL - 2023-06-05 12:39:32 --> Invalid file: "assets.php"
in SYSTEMPATH\Exceptions\FrameworkException.php on line 33.
 1 SYSTEMPATH\View\View.php(201): CodeIgniter\Exceptions\FrameworkException::forInvalidFile('assets.php')
 2 SYSTEMPATH\Common.php(1184): CodeIgniter\View\View->render('assets', [], true)
 3 APPPATH\Controllers\Home.php(20): view('assets')
 4 SYSTEMPATH\CodeIgniter.php(934): App\Controllers\Home->showPages('assets', 'js', 'plyr.min.js.map')
 5 SYSTEMPATH\CodeIgniter.php(499): CodeIgniter\CodeIgniter->runController(Object(App\Controllers\Home))
 6 SYSTEMPATH\CodeIgniter.php(368): CodeIgniter\CodeIgniter->handleRequest(null, Object(Config\Cache), false)
 7 FCPATH\index.php(67): CodeIgniter\CodeIgniter->run()
CRITICAL - 2023-06-05 12:39:39 --> Invalid file: "assets.php"
in SYSTEMPATH\Exceptions\FrameworkException.php on line 33.
 1 SYSTEMPATH\View\View.php(201): CodeIgniter\Exceptions\FrameworkException::forInvalidFile('assets.php')
 2 SYSTEMPATH\Common.php(1184): CodeIgniter\View\View->render('assets', [], true)
 3 APPPATH\Controllers\Home.php(20): view('assets')
 4 SYSTEMPATH\CodeIgniter.php(934): App\Controllers\Home->showPages('assets', 'js', 'plyr.min.js.map')
 5 SYSTEMPATH\CodeIgniter.php(499): CodeIgniter\CodeIgniter->runController(Object(App\Controllers\Home))
 6 SYSTEMPATH\CodeIgniter.php(368): CodeIgniter\CodeIgniter->handleRequest(null, Object(Config\Cache), false)
 7 FCPATH\index.php(67): CodeIgniter\CodeIgniter->run()
CRITICAL - 2023-06-05 12:40:05 --> Invalid file: "assets.php"
in SYSTEMPATH\Exceptions\FrameworkException.php on line 33.
 1 SYSTEMPATH\View\View.php(201): CodeIgniter\Exceptions\FrameworkException::forInvalidFile('assets.php')
 2 SYSTEMPATH\Common.php(1184): CodeIgniter\View\View->render('assets', [], true)
 3 APPPATH\Controllers\Home.php(20): view('assets')
 4 SYSTEMPATH\CodeIgniter.php(934): App\Controllers\Home->showPages('assets', 'js', 'plyr.min.js.map')
 5 SYSTEMPATH\CodeIgniter.php(499): CodeIgniter\CodeIgniter->runController(Object(App\Controllers\Home))
 6 SYSTEMPATH\CodeIgniter.php(368): CodeIgniter\CodeIgniter->handleRequest(null, Object(Config\Cache), false)
 7 FCPATH\index.php(67): CodeIgniter\CodeIgniter->run()
CRITICAL - 2023-06-05 12:41:08 --> Invalid file: "assets.php"
in SYSTEMPATH\Exceptions\FrameworkException.php on line 33.
 1 SYSTEMPATH\View\View.php(201): CodeIgniter\Exceptions\FrameworkException::forInvalidFile('assets.php')
 2 SYSTEMPATH\Common.php(1184): CodeIgniter\View\View->render('assets', [], true)
 3 APPPATH\Controllers\Home.php(20): view('assets')
 4 SYSTEMPATH\CodeIgniter.php(934): App\Controllers\Home->showPages('assets', 'js', 'plyr.min.js.map')
 5 SYSTEMPATH\CodeIgniter.php(499): CodeIgniter\CodeIgniter->runController(Object(App\Controllers\Home))
 6 SYSTEMPATH\CodeIgniter.php(368): CodeIgniter\CodeIgniter->handleRequest(null, Object(Config\Cache), false)
 7 FCPATH\index.php(67): CodeIgniter\CodeIgniter->run()
CRITICAL - 2023-06-05 12:41:20 --> Invalid file: "assets.php"
in SYSTEMPATH\Exceptions\FrameworkException.php on line 33.
 1 SYSTEMPATH\View\View.php(201): CodeIgniter\Exceptions\FrameworkException::forInvalidFile('assets.php')
 2 SYSTEMPATH\Common.php(1184): CodeIgniter\View\View->render('assets', [], true)
 3 APPPATH\Controllers\Home.php(20): view('assets')
 4 SYSTEMPATH\CodeIgniter.php(934): App\Controllers\Home->showPages('assets', 'js', 'plyr.min.js.map')
 5 SYSTEMPATH\CodeIgniter.php(499): CodeIgniter\CodeIgniter->runController(Object(App\Controllers\Home))
 6 SYSTEMPATH\CodeIgniter.php(368): CodeIgniter\CodeIgniter->handleRequest(null, Object(Config\Cache), false)
 7 FCPATH\index.php(67): CodeIgniter\CodeIgniter->run()
CRITICAL - 2023-06-05 12:42:01 --> Invalid file: "assets.php"
in SYSTEMPATH\Exceptions\FrameworkException.php on line 33.
 1 SYSTEMPATH\View\View.php(201): CodeIgniter\Exceptions\FrameworkException::forInvalidFile('assets.php')
 2 SYSTEMPATH\Common.php(1184): CodeIgniter\View\View->render('assets', [], true)
 3 APPPATH\Controllers\Home.php(20): view('assets')
 4 SYSTEMPATH\CodeIgniter.php(934): App\Controllers\Home->showPages('assets', 'js', 'plyr.min.js.map')
 5 SYSTEMPATH\CodeIgniter.php(499): CodeIgniter\CodeIgniter->runController(Object(App\Controllers\Home))
 6 SYSTEMPATH\CodeIgniter.php(368): CodeIgniter\CodeIgniter->handleRequest(null, Object(Config\Cache), false)
 7 FCPATH\index.php(67): CodeIgniter\CodeIgniter->run()
CRITICAL - 2023-06-05 12:42:20 --> Invalid file: "assets.php"
in SYSTEMPATH\Exceptions\FrameworkException.php on line 33.
 1 SYSTEMPATH\View\View.php(201): CodeIgniter\Exceptions\FrameworkException::forInvalidFile('assets.php')
 2 SYSTEMPATH\Common.php(1184): CodeIgniter\View\View->render('assets', [], true)
 3 APPPATH\Controllers\Home.php(20): view('assets')
 4 SYSTEMPATH\CodeIgniter.php(934): App\Controllers\Home->showPages('assets', 'js', 'plyr.min.js.map')
 5 SYSTEMPATH\CodeIgniter.php(499): CodeIgniter\CodeIgniter->runController(Object(App\Controllers\Home))
 6 SYSTEMPATH\CodeIgniter.php(368): CodeIgniter\CodeIgniter->handleRequest(null, Object(Config\Cache), false)
 7 FCPATH\index.php(67): CodeIgniter\CodeIgniter->run()
