CRITICAL - 2023-05-31 10:25:51 --> Invalid file: "test.php"
in SYSTEMPATH\Exceptions\FrameworkException.php on line 33.
 1 SYSTEMPATH\View\View.php(201): CodeIgniter\Exceptions\FrameworkException::forInvalidFile('test.php')
 2 SYSTEMPATH\Common.php(1184): CodeIgniter\View\View->render('test', [], true)
 3 APPPATH\Controllers\Home.php(20): view('test')
 4 SYSTEMPATH\CodeIgniter.php(934): App\Controllers\Home->showPages('test', 'home')
 5 SYSTEMPATH\CodeIgniter.php(499): CodeIgniter\CodeIgniter->runController(Object(App\Controllers\Home))
 6 SYSTEMPATH\CodeIgniter.php(368): CodeIgniter\CodeIgniter->handleRequest(null, Object(Config\Cache), false)
 7 FCPATH\index.php(67): CodeIgniter\CodeIgniter->run()
CRITICAL - 2023-05-31 10:26:01 --> Invalid file: "dist.php"
in SYSTEMPATH\Exceptions\FrameworkException.php on line 33.
 1 SYSTEMPATH\View\View.php(201): CodeIgniter\Exceptions\FrameworkException::forInvalidFile('dist.php')
 2 SYSTEMPATH\Common.php(1184): CodeIgniter\View\View->render('dist', [], true)
 3 APPPATH\Controllers\Home.php(20): view('dist')
 4 SYSTEMPATH\CodeIgniter.php(934): App\Controllers\Home->showPages('dist', 'mb-pi.jpg')
 5 SYSTEMPATH\CodeIgniter.php(499): CodeIgniter\CodeIgniter->runController(Object(App\Controllers\Home))
 6 SYSTEMPATH\CodeIgniter.php(368): CodeIgniter\CodeIgniter->handleRequest(null, Object(Config\Cache), false)
 7 FCPATH\index.php(67): CodeIgniter\CodeIgniter->run()
CRITICAL - 2023-05-31 10:26:01 --> Invalid file: "dist.php"
in SYSTEMPATH\Exceptions\FrameworkException.php on line 33.
 1 SYSTEMPATH\View\View.php(201): CodeIgniter\Exceptions\FrameworkException::forInvalidFile('dist.php')
 2 SYSTEMPATH\Common.php(1184): CodeIgniter\View\View->render('dist', [], true)
 3 APPPATH\Controllers\Home.php(20): view('dist')
 4 SYSTEMPATH\CodeIgniter.php(934): App\Controllers\Home->showPages('dist', 'image-web.png')
 5 SYSTEMPATH\CodeIgniter.php(499): CodeIgniter\CodeIgniter->runController(Object(App\Controllers\Home))
 6 SYSTEMPATH\CodeIgniter.php(368): CodeIgniter\CodeIgniter->handleRequest(null, Object(Config\Cache), false)
 7 FCPATH\index.php(67): CodeIgniter\CodeIgniter->run()
CRITICAL - 2023-05-31 10:33:15 --> Invalid file: "assets.php"
in SYSTEMPATH\Exceptions\FrameworkException.php on line 33.
 1 SYSTEMPATH\View\View.php(201): CodeIgniter\Exceptions\FrameworkException::forInvalidFile('assets.php')
 2 SYSTEMPATH\Common.php(1184): CodeIgniter\View\View->render('assets', [], true)
 3 APPPATH\Controllers\Home.php(20): view('assets')
 4 SYSTEMPATH\CodeIgniter.php(934): App\Controllers\Home->showPages('assets', 'js', 'plyr.min.js.map')
 5 SYSTEMPATH\CodeIgniter.php(499): CodeIgniter\CodeIgniter->runController(Object(App\Controllers\Home))
 6 SYSTEMPATH\CodeIgniter.php(368): CodeIgniter\CodeIgniter->handleRequest(null, Object(Config\Cache), false)
 7 FCPATH\index.php(67): CodeIgniter\CodeIgniter->run()
CRITICAL - 2023-05-31 10:34:08 --> Invalid file: "assets.php"
in SYSTEMPATH\Exceptions\FrameworkException.php on line 33.
 1 SYSTEMPATH\View\View.php(201): CodeIgniter\Exceptions\FrameworkException::forInvalidFile('assets.php')
 2 SYSTEMPATH\Common.php(1184): CodeIgniter\View\View->render('assets', [], true)
 3 APPPATH\Controllers\Home.php(20): view('assets')
 4 SYSTEMPATH\CodeIgniter.php(934): App\Controllers\Home->showPages('assets', 'js', 'plyr.min.js.map')
 5 SYSTEMPATH\CodeIgniter.php(499): CodeIgniter\CodeIgniter->runController(Object(App\Controllers\Home))
 6 SYSTEMPATH\CodeIgniter.php(368): CodeIgniter\CodeIgniter->handleRequest(null, Object(Config\Cache), false)
 7 FCPATH\index.php(67): CodeIgniter\CodeIgniter->run()
CRITICAL - 2023-05-31 10:34:51 --> Invalid file: "assets.php"
in SYSTEMPATH\Exceptions\FrameworkException.php on line 33.
 1 SYSTEMPATH\View\View.php(201): CodeIgniter\Exceptions\FrameworkException::forInvalidFile('assets.php')
 2 SYSTEMPATH\Common.php(1184): CodeIgniter\View\View->render('assets', [], true)
 3 APPPATH\Controllers\Home.php(20): view('assets')
 4 SYSTEMPATH\CodeIgniter.php(934): App\Controllers\Home->showPages('assets', 'js', 'plyr.min.js.map')
 5 SYSTEMPATH\CodeIgniter.php(499): CodeIgniter\CodeIgniter->runController(Object(App\Controllers\Home))
 6 SYSTEMPATH\CodeIgniter.php(368): CodeIgniter\CodeIgniter->handleRequest(null, Object(Config\Cache), false)
 7 FCPATH\index.php(67): CodeIgniter\CodeIgniter->run()
CRITICAL - 2023-05-31 10:35:00 --> Invalid file: "assets.php"
in SYSTEMPATH\Exceptions\FrameworkException.php on line 33.
 1 SYSTEMPATH\View\View.php(201): CodeIgniter\Exceptions\FrameworkException::forInvalidFile('assets.php')
 2 SYSTEMPATH\Common.php(1184): CodeIgniter\View\View->render('assets', [], true)
 3 APPPATH\Controllers\Home.php(20): view('assets')
 4 SYSTEMPATH\CodeIgniter.php(934): App\Controllers\Home->showPages('assets', 'js', 'plyr.min.js.map')
 5 SYSTEMPATH\CodeIgniter.php(499): CodeIgniter\CodeIgniter->runController(Object(App\Controllers\Home))
 6 SYSTEMPATH\CodeIgniter.php(368): CodeIgniter\CodeIgniter->handleRequest(null, Object(Config\Cache), false)
 7 FCPATH\index.php(67): CodeIgniter\CodeIgniter->run()
CRITICAL - 2023-05-31 10:36:56 --> Invalid file: "assets.php"
in SYSTEMPATH\Exceptions\FrameworkException.php on line 33.
 1 SYSTEMPATH\View\View.php(201): CodeIgniter\Exceptions\FrameworkException::forInvalidFile('assets.php')
 2 SYSTEMPATH\Common.php(1184): CodeIgniter\View\View->render('assets', [], true)
 3 APPPATH\Controllers\Home.php(20): view('assets')
 4 SYSTEMPATH\CodeIgniter.php(934): App\Controllers\Home->showPages('assets', 'js', 'plyr.min.js.map')
 5 SYSTEMPATH\CodeIgniter.php(499): CodeIgniter\CodeIgniter->runController(Object(App\Controllers\Home))
 6 SYSTEMPATH\CodeIgniter.php(368): CodeIgniter\CodeIgniter->handleRequest(null, Object(Config\Cache), false)
 7 FCPATH\index.php(67): CodeIgniter\CodeIgniter->run()
CRITICAL - 2023-05-31 10:37:06 --> Invalid file: "assets.php"
in SYSTEMPATH\Exceptions\FrameworkException.php on line 33.
 1 SYSTEMPATH\View\View.php(201): CodeIgniter\Exceptions\FrameworkException::forInvalidFile('assets.php')
 2 SYSTEMPATH\Common.php(1184): CodeIgniter\View\View->render('assets', [], true)
 3 APPPATH\Controllers\Home.php(20): view('assets')
 4 SYSTEMPATH\CodeIgniter.php(934): App\Controllers\Home->showPages('assets', 'js', 'plyr.min.js.map')
 5 SYSTEMPATH\CodeIgniter.php(499): CodeIgniter\CodeIgniter->runController(Object(App\Controllers\Home))
 6 SYSTEMPATH\CodeIgniter.php(368): CodeIgniter\CodeIgniter->handleRequest(null, Object(Config\Cache), false)
 7 FCPATH\index.php(67): CodeIgniter\CodeIgniter->run()
CRITICAL - 2023-05-31 10:37:34 --> Invalid file: "assets.php"
in SYSTEMPATH\Exceptions\FrameworkException.php on line 33.
 1 SYSTEMPATH\View\View.php(201): CodeIgniter\Exceptions\FrameworkException::forInvalidFile('assets.php')
 2 SYSTEMPATH\Common.php(1184): CodeIgniter\View\View->render('assets', [], true)
 3 APPPATH\Controllers\Home.php(20): view('assets')
 4 SYSTEMPATH\CodeIgniter.php(934): App\Controllers\Home->showPages('assets', 'js', 'plyr.min.js.map')
 5 SYSTEMPATH\CodeIgniter.php(499): CodeIgniter\CodeIgniter->runController(Object(App\Controllers\Home))
 6 SYSTEMPATH\CodeIgniter.php(368): CodeIgniter\CodeIgniter->handleRequest(null, Object(Config\Cache), false)
 7 FCPATH\index.php(67): CodeIgniter\CodeIgniter->run()
CRITICAL - 2023-05-31 10:37:42 --> Invalid file: "assets.php"
in SYSTEMPATH\Exceptions\FrameworkException.php on line 33.
 1 SYSTEMPATH\View\View.php(201): CodeIgniter\Exceptions\FrameworkException::forInvalidFile('assets.php')
 2 SYSTEMPATH\Common.php(1184): CodeIgniter\View\View->render('assets', [], true)
 3 APPPATH\Controllers\Home.php(20): view('assets')
 4 SYSTEMPATH\CodeIgniter.php(934): App\Controllers\Home->showPages('assets', 'js', 'plyr.min.js.map')
 5 SYSTEMPATH\CodeIgniter.php(499): CodeIgniter\CodeIgniter->runController(Object(App\Controllers\Home))
 6 SYSTEMPATH\CodeIgniter.php(368): CodeIgniter\CodeIgniter->handleRequest(null, Object(Config\Cache), false)
 7 FCPATH\index.php(67): CodeIgniter\CodeIgniter->run()
CRITICAL - 2023-05-31 10:38:30 --> Invalid file: "assets.php"
in SYSTEMPATH\Exceptions\FrameworkException.php on line 33.
 1 SYSTEMPATH\View\View.php(201): CodeIgniter\Exceptions\FrameworkException::forInvalidFile('assets.php')
 2 SYSTEMPATH\Common.php(1184): CodeIgniter\View\View->render('assets', [], true)
 3 APPPATH\Controllers\Home.php(20): view('assets')
 4 SYSTEMPATH\CodeIgniter.php(934): App\Controllers\Home->showPages('assets', 'js', 'plyr.min.js.map')
 5 SYSTEMPATH\CodeIgniter.php(499): CodeIgniter\CodeIgniter->runController(Object(App\Controllers\Home))
 6 SYSTEMPATH\CodeIgniter.php(368): CodeIgniter\CodeIgniter->handleRequest(null, Object(Config\Cache), false)
 7 FCPATH\index.php(67): CodeIgniter\CodeIgniter->run()
CRITICAL - 2023-05-31 10:38:57 --> Invalid file: "assets.php"
in SYSTEMPATH\Exceptions\FrameworkException.php on line 33.
 1 SYSTEMPATH\View\View.php(201): CodeIgniter\Exceptions\FrameworkException::forInvalidFile('assets.php')
 2 SYSTEMPATH\Common.php(1184): CodeIgniter\View\View->render('assets', [], true)
 3 APPPATH\Controllers\Home.php(20): view('assets')
 4 SYSTEMPATH\CodeIgniter.php(934): App\Controllers\Home->showPages('assets', 'js', 'plyr.min.js.map')
 5 SYSTEMPATH\CodeIgniter.php(499): CodeIgniter\CodeIgniter->runController(Object(App\Controllers\Home))
 6 SYSTEMPATH\CodeIgniter.php(368): CodeIgniter\CodeIgniter->handleRequest(null, Object(Config\Cache), false)
 7 FCPATH\index.php(67): CodeIgniter\CodeIgniter->run()
CRITICAL - 2023-05-31 10:39:28 --> Invalid file: "assets.php"
in SYSTEMPATH\Exceptions\FrameworkException.php on line 33.
 1 SYSTEMPATH\View\View.php(201): CodeIgniter\Exceptions\FrameworkException::forInvalidFile('assets.php')
 2 SYSTEMPATH\Common.php(1184): CodeIgniter\View\View->render('assets', [], true)
 3 APPPATH\Controllers\Home.php(20): view('assets')
 4 SYSTEMPATH\CodeIgniter.php(934): App\Controllers\Home->showPages('assets', 'js', 'plyr.min.js.map')
 5 SYSTEMPATH\CodeIgniter.php(499): CodeIgniter\CodeIgniter->runController(Object(App\Controllers\Home))
 6 SYSTEMPATH\CodeIgniter.php(368): CodeIgniter\CodeIgniter->handleRequest(null, Object(Config\Cache), false)
 7 FCPATH\index.php(67): CodeIgniter\CodeIgniter->run()
CRITICAL - 2023-05-31 10:39:47 --> Invalid file: "assets.php"
in SYSTEMPATH\Exceptions\FrameworkException.php on line 33.
 1 SYSTEMPATH\View\View.php(201): CodeIgniter\Exceptions\FrameworkException::forInvalidFile('assets.php')
 2 SYSTEMPATH\Common.php(1184): CodeIgniter\View\View->render('assets', [], true)
 3 APPPATH\Controllers\Home.php(20): view('assets')
 4 SYSTEMPATH\CodeIgniter.php(934): App\Controllers\Home->showPages('assets', 'js', 'plyr.min.js.map')
 5 SYSTEMPATH\CodeIgniter.php(499): CodeIgniter\CodeIgniter->runController(Object(App\Controllers\Home))
 6 SYSTEMPATH\CodeIgniter.php(368): CodeIgniter\CodeIgniter->handleRequest(null, Object(Config\Cache), false)
 7 FCPATH\index.php(67): CodeIgniter\CodeIgniter->run()
CRITICAL - 2023-05-31 10:40:55 --> Invalid file: "assets.php"
in SYSTEMPATH\Exceptions\FrameworkException.php on line 33.
 1 SYSTEMPATH\View\View.php(201): CodeIgniter\Exceptions\FrameworkException::forInvalidFile('assets.php')
 2 SYSTEMPATH\Common.php(1184): CodeIgniter\View\View->render('assets', [], true)
 3 APPPATH\Controllers\Home.php(20): view('assets')
 4 SYSTEMPATH\CodeIgniter.php(934): App\Controllers\Home->showPages('assets', 'js', 'plyr.min.js.map')
 5 SYSTEMPATH\CodeIgniter.php(499): CodeIgniter\CodeIgniter->runController(Object(App\Controllers\Home))
 6 SYSTEMPATH\CodeIgniter.php(368): CodeIgniter\CodeIgniter->handleRequest(null, Object(Config\Cache), false)
 7 FCPATH\index.php(67): CodeIgniter\CodeIgniter->run()
CRITICAL - 2023-05-31 10:41:23 --> Invalid file: "assets.php"
in SYSTEMPATH\Exceptions\FrameworkException.php on line 33.
 1 SYSTEMPATH\View\View.php(201): CodeIgniter\Exceptions\FrameworkException::forInvalidFile('assets.php')
 2 SYSTEMPATH\Common.php(1184): CodeIgniter\View\View->render('assets', [], true)
 3 APPPATH\Controllers\Home.php(20): view('assets')
 4 SYSTEMPATH\CodeIgniter.php(934): App\Controllers\Home->showPages('assets', 'js', 'plyr.min.js.map')
 5 SYSTEMPATH\CodeIgniter.php(499): CodeIgniter\CodeIgniter->runController(Object(App\Controllers\Home))
 6 SYSTEMPATH\CodeIgniter.php(368): CodeIgniter\CodeIgniter->handleRequest(null, Object(Config\Cache), false)
 7 FCPATH\index.php(67): CodeIgniter\CodeIgniter->run()
CRITICAL - 2023-05-31 10:41:42 --> Invalid file: "assets.php"
in SYSTEMPATH\Exceptions\FrameworkException.php on line 33.
 1 SYSTEMPATH\View\View.php(201): CodeIgniter\Exceptions\FrameworkException::forInvalidFile('assets.php')
 2 SYSTEMPATH\Common.php(1184): CodeIgniter\View\View->render('assets', [], true)
 3 APPPATH\Controllers\Home.php(20): view('assets')
 4 SYSTEMPATH\CodeIgniter.php(934): App\Controllers\Home->showPages('assets', 'js', 'plyr.min.js.map')
 5 SYSTEMPATH\CodeIgniter.php(499): CodeIgniter\CodeIgniter->runController(Object(App\Controllers\Home))
 6 SYSTEMPATH\CodeIgniter.php(368): CodeIgniter\CodeIgniter->handleRequest(null, Object(Config\Cache), false)
 7 FCPATH\index.php(67): CodeIgniter\CodeIgniter->run()
CRITICAL - 2023-05-31 10:41:50 --> Invalid file: "assets.php"
in SYSTEMPATH\Exceptions\FrameworkException.php on line 33.
 1 SYSTEMPATH\View\View.php(201): CodeIgniter\Exceptions\FrameworkException::forInvalidFile('assets.php')
 2 SYSTEMPATH\Common.php(1184): CodeIgniter\View\View->render('assets', [], true)
 3 APPPATH\Controllers\Home.php(20): view('assets')
 4 SYSTEMPATH\CodeIgniter.php(934): App\Controllers\Home->showPages('assets', 'js', 'plyr.min.js.map')
 5 SYSTEMPATH\CodeIgniter.php(499): CodeIgniter\CodeIgniter->runController(Object(App\Controllers\Home))
 6 SYSTEMPATH\CodeIgniter.php(368): CodeIgniter\CodeIgniter->handleRequest(null, Object(Config\Cache), false)
 7 FCPATH\index.php(67): CodeIgniter\CodeIgniter->run()
CRITICAL - 2023-05-31 10:42:08 --> Invalid file: "assets.php"
in SYSTEMPATH\Exceptions\FrameworkException.php on line 33.
 1 SYSTEMPATH\View\View.php(201): CodeIgniter\Exceptions\FrameworkException::forInvalidFile('assets.php')
 2 SYSTEMPATH\Common.php(1184): CodeIgniter\View\View->render('assets', [], true)
 3 APPPATH\Controllers\Home.php(20): view('assets')
 4 SYSTEMPATH\CodeIgniter.php(934): App\Controllers\Home->showPages('assets', 'js', 'plyr.min.js.map')
 5 SYSTEMPATH\CodeIgniter.php(499): CodeIgniter\CodeIgniter->runController(Object(App\Controllers\Home))
 6 SYSTEMPATH\CodeIgniter.php(368): CodeIgniter\CodeIgniter->handleRequest(null, Object(Config\Cache), false)
 7 FCPATH\index.php(67): CodeIgniter\CodeIgniter->run()
CRITICAL - 2023-05-31 10:42:24 --> Invalid file: "assets.php"
in SYSTEMPATH\Exceptions\FrameworkException.php on line 33.
 1 SYSTEMPATH\View\View.php(201): CodeIgniter\Exceptions\FrameworkException::forInvalidFile('assets.php')
 2 SYSTEMPATH\Common.php(1184): CodeIgniter\View\View->render('assets', [], true)
 3 APPPATH\Controllers\Home.php(20): view('assets')
 4 SYSTEMPATH\CodeIgniter.php(934): App\Controllers\Home->showPages('assets', 'js', 'plyr.min.js.map')
 5 SYSTEMPATH\CodeIgniter.php(499): CodeIgniter\CodeIgniter->runController(Object(App\Controllers\Home))
 6 SYSTEMPATH\CodeIgniter.php(368): CodeIgniter\CodeIgniter->handleRequest(null, Object(Config\Cache), false)
 7 FCPATH\index.php(67): CodeIgniter\CodeIgniter->run()
CRITICAL - 2023-05-31 10:42:32 --> Invalid file: "assets.php"
in SYSTEMPATH\Exceptions\FrameworkException.php on line 33.
 1 SYSTEMPATH\View\View.php(201): CodeIgniter\Exceptions\FrameworkException::forInvalidFile('assets.php')
 2 SYSTEMPATH\Common.php(1184): CodeIgniter\View\View->render('assets', [], true)
 3 APPPATH\Controllers\Home.php(20): view('assets')
 4 SYSTEMPATH\CodeIgniter.php(934): App\Controllers\Home->showPages('assets', 'js', 'plyr.min.js.map')
 5 SYSTEMPATH\CodeIgniter.php(499): CodeIgniter\CodeIgniter->runController(Object(App\Controllers\Home))
 6 SYSTEMPATH\CodeIgniter.php(368): CodeIgniter\CodeIgniter->handleRequest(null, Object(Config\Cache), false)
 7 FCPATH\index.php(67): CodeIgniter\CodeIgniter->run()
CRITICAL - 2023-05-31 10:42:45 --> Invalid file: "assets.php"
in SYSTEMPATH\Exceptions\FrameworkException.php on line 33.
 1 SYSTEMPATH\View\View.php(201): CodeIgniter\Exceptions\FrameworkException::forInvalidFile('assets.php')
 2 SYSTEMPATH\Common.php(1184): CodeIgniter\View\View->render('assets', [], true)
 3 APPPATH\Controllers\Home.php(20): view('assets')
 4 SYSTEMPATH\CodeIgniter.php(934): App\Controllers\Home->showPages('assets', 'js', 'plyr.min.js.map')
 5 SYSTEMPATH\CodeIgniter.php(499): CodeIgniter\CodeIgniter->runController(Object(App\Controllers\Home))
 6 SYSTEMPATH\CodeIgniter.php(368): CodeIgniter\CodeIgniter->handleRequest(null, Object(Config\Cache), false)
 7 FCPATH\index.php(67): CodeIgniter\CodeIgniter->run()
CRITICAL - 2023-05-31 10:43:05 --> Invalid file: "assets.php"
in SYSTEMPATH\Exceptions\FrameworkException.php on line 33.
 1 SYSTEMPATH\View\View.php(201): CodeIgniter\Exceptions\FrameworkException::forInvalidFile('assets.php')
 2 SYSTEMPATH\Common.php(1184): CodeIgniter\View\View->render('assets', [], true)
 3 APPPATH\Controllers\Home.php(20): view('assets')
 4 SYSTEMPATH\CodeIgniter.php(934): App\Controllers\Home->showPages('assets', 'js', 'plyr.min.js.map')
 5 SYSTEMPATH\CodeIgniter.php(499): CodeIgniter\CodeIgniter->runController(Object(App\Controllers\Home))
 6 SYSTEMPATH\CodeIgniter.php(368): CodeIgniter\CodeIgniter->handleRequest(null, Object(Config\Cache), false)
 7 FCPATH\index.php(67): CodeIgniter\CodeIgniter->run()
CRITICAL - 2023-05-31 10:43:21 --> Invalid file: "assets.php"
in SYSTEMPATH\Exceptions\FrameworkException.php on line 33.
 1 SYSTEMPATH\View\View.php(201): CodeIgniter\Exceptions\FrameworkException::forInvalidFile('assets.php')
 2 SYSTEMPATH\Common.php(1184): CodeIgniter\View\View->render('assets', [], true)
 3 APPPATH\Controllers\Home.php(20): view('assets')
 4 SYSTEMPATH\CodeIgniter.php(934): App\Controllers\Home->showPages('assets', 'js', 'plyr.min.js.map')
 5 SYSTEMPATH\CodeIgniter.php(499): CodeIgniter\CodeIgniter->runController(Object(App\Controllers\Home))
 6 SYSTEMPATH\CodeIgniter.php(368): CodeIgniter\CodeIgniter->handleRequest(null, Object(Config\Cache), false)
 7 FCPATH\index.php(67): CodeIgniter\CodeIgniter->run()
CRITICAL - 2023-05-31 10:43:42 --> Invalid file: "assets.php"
in SYSTEMPATH\Exceptions\FrameworkException.php on line 33.
 1 SYSTEMPATH\View\View.php(201): CodeIgniter\Exceptions\FrameworkException::forInvalidFile('assets.php')
 2 SYSTEMPATH\Common.php(1184): CodeIgniter\View\View->render('assets', [], true)
 3 APPPATH\Controllers\Home.php(20): view('assets')
 4 SYSTEMPATH\CodeIgniter.php(934): App\Controllers\Home->showPages('assets', 'js', 'plyr.min.js.map')
 5 SYSTEMPATH\CodeIgniter.php(499): CodeIgniter\CodeIgniter->runController(Object(App\Controllers\Home))
 6 SYSTEMPATH\CodeIgniter.php(368): CodeIgniter\CodeIgniter->handleRequest(null, Object(Config\Cache), false)
 7 FCPATH\index.php(67): CodeIgniter\CodeIgniter->run()
CRITICAL - 2023-05-31 10:44:10 --> Invalid file: "assets.php"
in SYSTEMPATH\Exceptions\FrameworkException.php on line 33.
 1 SYSTEMPATH\View\View.php(201): CodeIgniter\Exceptions\FrameworkException::forInvalidFile('assets.php')
 2 SYSTEMPATH\Common.php(1184): CodeIgniter\View\View->render('assets', [], true)
 3 APPPATH\Controllers\Home.php(20): view('assets')
 4 SYSTEMPATH\CodeIgniter.php(934): App\Controllers\Home->showPages('assets', 'js', 'plyr.min.js.map')
 5 SYSTEMPATH\CodeIgniter.php(499): CodeIgniter\CodeIgniter->runController(Object(App\Controllers\Home))
 6 SYSTEMPATH\CodeIgniter.php(368): CodeIgniter\CodeIgniter->handleRequest(null, Object(Config\Cache), false)
 7 FCPATH\index.php(67): CodeIgniter\CodeIgniter->run()
CRITICAL - 2023-05-31 10:44:20 --> Invalid file: "assets.php"
in SYSTEMPATH\Exceptions\FrameworkException.php on line 33.
 1 SYSTEMPATH\View\View.php(201): CodeIgniter\Exceptions\FrameworkException::forInvalidFile('assets.php')
 2 SYSTEMPATH\Common.php(1184): CodeIgniter\View\View->render('assets', [], true)
 3 APPPATH\Controllers\Home.php(20): view('assets')
 4 SYSTEMPATH\CodeIgniter.php(934): App\Controllers\Home->showPages('assets', 'js', 'plyr.min.js.map')
 5 SYSTEMPATH\CodeIgniter.php(499): CodeIgniter\CodeIgniter->runController(Object(App\Controllers\Home))
 6 SYSTEMPATH\CodeIgniter.php(368): CodeIgniter\CodeIgniter->handleRequest(null, Object(Config\Cache), false)
 7 FCPATH\index.php(67): CodeIgniter\CodeIgniter->run()
CRITICAL - 2023-05-31 10:44:44 --> Invalid file: "assets.php"
in SYSTEMPATH\Exceptions\FrameworkException.php on line 33.
 1 SYSTEMPATH\View\View.php(201): CodeIgniter\Exceptions\FrameworkException::forInvalidFile('assets.php')
 2 SYSTEMPATH\Common.php(1184): CodeIgniter\View\View->render('assets', [], true)
 3 APPPATH\Controllers\Home.php(20): view('assets')
 4 SYSTEMPATH\CodeIgniter.php(934): App\Controllers\Home->showPages('assets', 'js', 'plyr.min.js.map')
 5 SYSTEMPATH\CodeIgniter.php(499): CodeIgniter\CodeIgniter->runController(Object(App\Controllers\Home))
 6 SYSTEMPATH\CodeIgniter.php(368): CodeIgniter\CodeIgniter->handleRequest(null, Object(Config\Cache), false)
 7 FCPATH\index.php(67): CodeIgniter\CodeIgniter->run()
CRITICAL - 2023-05-31 10:45:13 --> Invalid file: "assets.php"
in SYSTEMPATH\Exceptions\FrameworkException.php on line 33.
 1 SYSTEMPATH\View\View.php(201): CodeIgniter\Exceptions\FrameworkException::forInvalidFile('assets.php')
 2 SYSTEMPATH\Common.php(1184): CodeIgniter\View\View->render('assets', [], true)
 3 APPPATH\Controllers\Home.php(20): view('assets')
 4 SYSTEMPATH\CodeIgniter.php(934): App\Controllers\Home->showPages('assets', 'js', 'plyr.min.js.map')
 5 SYSTEMPATH\CodeIgniter.php(499): CodeIgniter\CodeIgniter->runController(Object(App\Controllers\Home))
 6 SYSTEMPATH\CodeIgniter.php(368): CodeIgniter\CodeIgniter->handleRequest(null, Object(Config\Cache), false)
 7 FCPATH\index.php(67): CodeIgniter\CodeIgniter->run()
CRITICAL - 2023-05-31 10:45:32 --> Invalid file: "assets.php"
in SYSTEMPATH\Exceptions\FrameworkException.php on line 33.
 1 SYSTEMPATH\View\View.php(201): CodeIgniter\Exceptions\FrameworkException::forInvalidFile('assets.php')
 2 SYSTEMPATH\Common.php(1184): CodeIgniter\View\View->render('assets', [], true)
 3 APPPATH\Controllers\Home.php(20): view('assets')
 4 SYSTEMPATH\CodeIgniter.php(934): App\Controllers\Home->showPages('assets', 'js', 'plyr.min.js.map')
 5 SYSTEMPATH\CodeIgniter.php(499): CodeIgniter\CodeIgniter->runController(Object(App\Controllers\Home))
 6 SYSTEMPATH\CodeIgniter.php(368): CodeIgniter\CodeIgniter->handleRequest(null, Object(Config\Cache), false)
 7 FCPATH\index.php(67): CodeIgniter\CodeIgniter->run()
CRITICAL - 2023-05-31 10:45:47 --> Invalid file: "assets.php"
in SYSTEMPATH\Exceptions\FrameworkException.php on line 33.
 1 SYSTEMPATH\View\View.php(201): CodeIgniter\Exceptions\FrameworkException::forInvalidFile('assets.php')
 2 SYSTEMPATH\Common.php(1184): CodeIgniter\View\View->render('assets', [], true)
 3 APPPATH\Controllers\Home.php(20): view('assets')
 4 SYSTEMPATH\CodeIgniter.php(934): App\Controllers\Home->showPages('assets', 'js', 'plyr.min.js.map')
 5 SYSTEMPATH\CodeIgniter.php(499): CodeIgniter\CodeIgniter->runController(Object(App\Controllers\Home))
 6 SYSTEMPATH\CodeIgniter.php(368): CodeIgniter\CodeIgniter->handleRequest(null, Object(Config\Cache), false)
 7 FCPATH\index.php(67): CodeIgniter\CodeIgniter->run()
CRITICAL - 2023-05-31 10:45:57 --> Invalid file: "assets.php"
in SYSTEMPATH\Exceptions\FrameworkException.php on line 33.
 1 SYSTEMPATH\View\View.php(201): CodeIgniter\Exceptions\FrameworkException::forInvalidFile('assets.php')
 2 SYSTEMPATH\Common.php(1184): CodeIgniter\View\View->render('assets', [], true)
 3 APPPATH\Controllers\Home.php(20): view('assets')
 4 SYSTEMPATH\CodeIgniter.php(934): App\Controllers\Home->showPages('assets', 'js', 'plyr.min.js.map')
 5 SYSTEMPATH\CodeIgniter.php(499): CodeIgniter\CodeIgniter->runController(Object(App\Controllers\Home))
 6 SYSTEMPATH\CodeIgniter.php(368): CodeIgniter\CodeIgniter->handleRequest(null, Object(Config\Cache), false)
 7 FCPATH\index.php(67): CodeIgniter\CodeIgniter->run()
CRITICAL - 2023-05-31 10:46:09 --> Invalid file: "assets.php"
in SYSTEMPATH\Exceptions\FrameworkException.php on line 33.
 1 SYSTEMPATH\View\View.php(201): CodeIgniter\Exceptions\FrameworkException::forInvalidFile('assets.php')
 2 SYSTEMPATH\Common.php(1184): CodeIgniter\View\View->render('assets', [], true)
 3 APPPATH\Controllers\Home.php(20): view('assets')
 4 SYSTEMPATH\CodeIgniter.php(934): App\Controllers\Home->showPages('assets', 'js', 'plyr.min.js.map')
 5 SYSTEMPATH\CodeIgniter.php(499): CodeIgniter\CodeIgniter->runController(Object(App\Controllers\Home))
 6 SYSTEMPATH\CodeIgniter.php(368): CodeIgniter\CodeIgniter->handleRequest(null, Object(Config\Cache), false)
 7 FCPATH\index.php(67): CodeIgniter\CodeIgniter->run()
CRITICAL - 2023-05-31 10:46:23 --> Invalid file: "assets.php"
in SYSTEMPATH\Exceptions\FrameworkException.php on line 33.
 1 SYSTEMPATH\View\View.php(201): CodeIgniter\Exceptions\FrameworkException::forInvalidFile('assets.php')
 2 SYSTEMPATH\Common.php(1184): CodeIgniter\View\View->render('assets', [], true)
 3 APPPATH\Controllers\Home.php(20): view('assets')
 4 SYSTEMPATH\CodeIgniter.php(934): App\Controllers\Home->showPages('assets', 'js', 'plyr.min.js.map')
 5 SYSTEMPATH\CodeIgniter.php(499): CodeIgniter\CodeIgniter->runController(Object(App\Controllers\Home))
 6 SYSTEMPATH\CodeIgniter.php(368): CodeIgniter\CodeIgniter->handleRequest(null, Object(Config\Cache), false)
 7 FCPATH\index.php(67): CodeIgniter\CodeIgniter->run()
CRITICAL - 2023-05-31 10:50:36 --> Invalid file: "assets.php"
in SYSTEMPATH\Exceptions\FrameworkException.php on line 33.
 1 SYSTEMPATH\View\View.php(201): CodeIgniter\Exceptions\FrameworkException::forInvalidFile('assets.php')
 2 SYSTEMPATH\Common.php(1184): CodeIgniter\View\View->render('assets', [], true)
 3 APPPATH\Controllers\Home.php(20): view('assets')
 4 SYSTEMPATH\CodeIgniter.php(934): App\Controllers\Home->showPages('assets', 'js', 'plyr.min.js.map')
 5 SYSTEMPATH\CodeIgniter.php(499): CodeIgniter\CodeIgniter->runController(Object(App\Controllers\Home))
 6 SYSTEMPATH\CodeIgniter.php(368): CodeIgniter\CodeIgniter->handleRequest(null, Object(Config\Cache), false)
 7 FCPATH\index.php(67): CodeIgniter\CodeIgniter->run()
CRITICAL - 2023-05-31 11:07:01 --> Invalid file: "assets.php"
in SYSTEMPATH\Exceptions\FrameworkException.php on line 33.
 1 SYSTEMPATH\View\View.php(201): CodeIgniter\Exceptions\FrameworkException::forInvalidFile('assets.php')
 2 SYSTEMPATH\Common.php(1184): CodeIgniter\View\View->render('assets', [], true)
 3 APPPATH\Controllers\Home.php(20): view('assets')
 4 SYSTEMPATH\CodeIgniter.php(934): App\Controllers\Home->showPages('assets', 'js', 'plyr.min.js.map')
 5 SYSTEMPATH\CodeIgniter.php(499): CodeIgniter\CodeIgniter->runController(Object(App\Controllers\Home))
 6 SYSTEMPATH\CodeIgniter.php(368): CodeIgniter\CodeIgniter->handleRequest(null, Object(Config\Cache), false)
 7 FCPATH\index.php(67): CodeIgniter\CodeIgniter->run()
CRITICAL - 2023-05-31 11:07:24 --> Invalid file: "assets.php"
in SYSTEMPATH\Exceptions\FrameworkException.php on line 33.
 1 SYSTEMPATH\View\View.php(201): CodeIgniter\Exceptions\FrameworkException::forInvalidFile('assets.php')
 2 SYSTEMPATH\Common.php(1184): CodeIgniter\View\View->render('assets', [], true)
 3 APPPATH\Controllers\Home.php(20): view('assets')
 4 SYSTEMPATH\CodeIgniter.php(934): App\Controllers\Home->showPages('assets', 'js', 'plyr.min.js.map')
 5 SYSTEMPATH\CodeIgniter.php(499): CodeIgniter\CodeIgniter->runController(Object(App\Controllers\Home))
 6 SYSTEMPATH\CodeIgniter.php(368): CodeIgniter\CodeIgniter->handleRequest(null, Object(Config\Cache), false)
 7 FCPATH\index.php(67): CodeIgniter\CodeIgniter->run()
CRITICAL - 2023-05-31 11:07:47 --> Invalid file: "assets.php"
in SYSTEMPATH\Exceptions\FrameworkException.php on line 33.
 1 SYSTEMPATH\View\View.php(201): CodeIgniter\Exceptions\FrameworkException::forInvalidFile('assets.php')
 2 SYSTEMPATH\Common.php(1184): CodeIgniter\View\View->render('assets', [], true)
 3 APPPATH\Controllers\Home.php(20): view('assets')
 4 SYSTEMPATH\CodeIgniter.php(934): App\Controllers\Home->showPages('assets', 'js', 'plyr.min.js.map')
 5 SYSTEMPATH\CodeIgniter.php(499): CodeIgniter\CodeIgniter->runController(Object(App\Controllers\Home))
 6 SYSTEMPATH\CodeIgniter.php(368): CodeIgniter\CodeIgniter->handleRequest(null, Object(Config\Cache), false)
 7 FCPATH\index.php(67): CodeIgniter\CodeIgniter->run()
CRITICAL - 2023-05-31 11:08:25 --> Invalid file: "assets.php"
in SYSTEMPATH\Exceptions\FrameworkException.php on line 33.
 1 SYSTEMPATH\View\View.php(201): CodeIgniter\Exceptions\FrameworkException::forInvalidFile('assets.php')
 2 SYSTEMPATH\Common.php(1184): CodeIgniter\View\View->render('assets', [], true)
 3 APPPATH\Controllers\Home.php(20): view('assets')
 4 SYSTEMPATH\CodeIgniter.php(934): App\Controllers\Home->showPages('assets', 'js', 'plyr.min.js.map')
 5 SYSTEMPATH\CodeIgniter.php(499): CodeIgniter\CodeIgniter->runController(Object(App\Controllers\Home))
 6 SYSTEMPATH\CodeIgniter.php(368): CodeIgniter\CodeIgniter->handleRequest(null, Object(Config\Cache), false)
 7 FCPATH\index.php(67): CodeIgniter\CodeIgniter->run()
CRITICAL - 2023-05-31 11:09:20 --> Invalid file: "assets.php"
in SYSTEMPATH\Exceptions\FrameworkException.php on line 33.
 1 SYSTEMPATH\View\View.php(201): CodeIgniter\Exceptions\FrameworkException::forInvalidFile('assets.php')
 2 SYSTEMPATH\Common.php(1184): CodeIgniter\View\View->render('assets', [], true)
 3 APPPATH\Controllers\Home.php(20): view('assets')
 4 SYSTEMPATH\CodeIgniter.php(934): App\Controllers\Home->showPages('assets', 'js', 'plyr.min.js.map')
 5 SYSTEMPATH\CodeIgniter.php(499): CodeIgniter\CodeIgniter->runController(Object(App\Controllers\Home))
 6 SYSTEMPATH\CodeIgniter.php(368): CodeIgniter\CodeIgniter->handleRequest(null, Object(Config\Cache), false)
 7 FCPATH\index.php(67): CodeIgniter\CodeIgniter->run()
CRITICAL - 2023-05-31 11:09:44 --> Invalid file: "assets.php"
in SYSTEMPATH\Exceptions\FrameworkException.php on line 33.
 1 SYSTEMPATH\View\View.php(201): CodeIgniter\Exceptions\FrameworkException::forInvalidFile('assets.php')
 2 SYSTEMPATH\Common.php(1184): CodeIgniter\View\View->render('assets', [], true)
 3 APPPATH\Controllers\Home.php(20): view('assets')
 4 SYSTEMPATH\CodeIgniter.php(934): App\Controllers\Home->showPages('assets', 'js', 'plyr.min.js.map')
 5 SYSTEMPATH\CodeIgniter.php(499): CodeIgniter\CodeIgniter->runController(Object(App\Controllers\Home))
 6 SYSTEMPATH\CodeIgniter.php(368): CodeIgniter\CodeIgniter->handleRequest(null, Object(Config\Cache), false)
 7 FCPATH\index.php(67): CodeIgniter\CodeIgniter->run()
CRITICAL - 2023-05-31 11:09:58 --> Invalid file: "assets.php"
in SYSTEMPATH\Exceptions\FrameworkException.php on line 33.
 1 SYSTEMPATH\View\View.php(201): CodeIgniter\Exceptions\FrameworkException::forInvalidFile('assets.php')
 2 SYSTEMPATH\Common.php(1184): CodeIgniter\View\View->render('assets', [], true)
 3 APPPATH\Controllers\Home.php(20): view('assets')
 4 SYSTEMPATH\CodeIgniter.php(934): App\Controllers\Home->showPages('assets', 'js', 'plyr.min.js.map')
 5 SYSTEMPATH\CodeIgniter.php(499): CodeIgniter\CodeIgniter->runController(Object(App\Controllers\Home))
 6 SYSTEMPATH\CodeIgniter.php(368): CodeIgniter\CodeIgniter->handleRequest(null, Object(Config\Cache), false)
 7 FCPATH\index.php(67): CodeIgniter\CodeIgniter->run()
CRITICAL - 2023-05-31 11:10:20 --> Invalid file: "assets.php"
in SYSTEMPATH\Exceptions\FrameworkException.php on line 33.
 1 SYSTEMPATH\View\View.php(201): CodeIgniter\Exceptions\FrameworkException::forInvalidFile('assets.php')
 2 SYSTEMPATH\Common.php(1184): CodeIgniter\View\View->render('assets', [], true)
 3 APPPATH\Controllers\Home.php(20): view('assets')
 4 SYSTEMPATH\CodeIgniter.php(934): App\Controllers\Home->showPages('assets', 'js', 'plyr.min.js.map')
 5 SYSTEMPATH\CodeIgniter.php(499): CodeIgniter\CodeIgniter->runController(Object(App\Controllers\Home))
 6 SYSTEMPATH\CodeIgniter.php(368): CodeIgniter\CodeIgniter->handleRequest(null, Object(Config\Cache), false)
 7 FCPATH\index.php(67): CodeIgniter\CodeIgniter->run()
CRITICAL - 2023-05-31 11:10:26 --> Invalid file: "assets.php"
in SYSTEMPATH\Exceptions\FrameworkException.php on line 33.
 1 SYSTEMPATH\View\View.php(201): CodeIgniter\Exceptions\FrameworkException::forInvalidFile('assets.php')
 2 SYSTEMPATH\Common.php(1184): CodeIgniter\View\View->render('assets', [], true)
 3 APPPATH\Controllers\Home.php(20): view('assets')
 4 SYSTEMPATH\CodeIgniter.php(934): App\Controllers\Home->showPages('assets', 'js', 'plyr.min.js.map')
 5 SYSTEMPATH\CodeIgniter.php(499): CodeIgniter\CodeIgniter->runController(Object(App\Controllers\Home))
 6 SYSTEMPATH\CodeIgniter.php(368): CodeIgniter\CodeIgniter->handleRequest(null, Object(Config\Cache), false)
 7 FCPATH\index.php(67): CodeIgniter\CodeIgniter->run()
CRITICAL - 2023-05-31 11:10:49 --> Invalid file: "assets.php"
in SYSTEMPATH\Exceptions\FrameworkException.php on line 33.
 1 SYSTEMPATH\View\View.php(201): CodeIgniter\Exceptions\FrameworkException::forInvalidFile('assets.php')
 2 SYSTEMPATH\Common.php(1184): CodeIgniter\View\View->render('assets', [], true)
 3 APPPATH\Controllers\Home.php(20): view('assets')
 4 SYSTEMPATH\CodeIgniter.php(934): App\Controllers\Home->showPages('assets', 'js', 'plyr.min.js.map')
 5 SYSTEMPATH\CodeIgniter.php(499): CodeIgniter\CodeIgniter->runController(Object(App\Controllers\Home))
 6 SYSTEMPATH\CodeIgniter.php(368): CodeIgniter\CodeIgniter->handleRequest(null, Object(Config\Cache), false)
 7 FCPATH\index.php(67): CodeIgniter\CodeIgniter->run()
CRITICAL - 2023-05-31 11:11:37 --> Invalid file: "assets.php"
in SYSTEMPATH\Exceptions\FrameworkException.php on line 33.
 1 SYSTEMPATH\View\View.php(201): CodeIgniter\Exceptions\FrameworkException::forInvalidFile('assets.php')
 2 SYSTEMPATH\Common.php(1184): CodeIgniter\View\View->render('assets', [], true)
 3 APPPATH\Controllers\Home.php(20): view('assets')
 4 SYSTEMPATH\CodeIgniter.php(934): App\Controllers\Home->showPages('assets', 'js', 'plyr.min.js.map')
 5 SYSTEMPATH\CodeIgniter.php(499): CodeIgniter\CodeIgniter->runController(Object(App\Controllers\Home))
 6 SYSTEMPATH\CodeIgniter.php(368): CodeIgniter\CodeIgniter->handleRequest(null, Object(Config\Cache), false)
 7 FCPATH\index.php(67): CodeIgniter\CodeIgniter->run()
CRITICAL - 2023-05-31 11:11:54 --> Invalid file: "assets.php"
in SYSTEMPATH\Exceptions\FrameworkException.php on line 33.
 1 SYSTEMPATH\View\View.php(201): CodeIgniter\Exceptions\FrameworkException::forInvalidFile('assets.php')
 2 SYSTEMPATH\Common.php(1184): CodeIgniter\View\View->render('assets', [], true)
 3 APPPATH\Controllers\Home.php(20): view('assets')
 4 SYSTEMPATH\CodeIgniter.php(934): App\Controllers\Home->showPages('assets', 'js', 'plyr.min.js.map')
 5 SYSTEMPATH\CodeIgniter.php(499): CodeIgniter\CodeIgniter->runController(Object(App\Controllers\Home))
 6 SYSTEMPATH\CodeIgniter.php(368): CodeIgniter\CodeIgniter->handleRequest(null, Object(Config\Cache), false)
 7 FCPATH\index.php(67): CodeIgniter\CodeIgniter->run()
CRITICAL - 2023-05-31 11:12:25 --> Invalid file: "assets.php"
in SYSTEMPATH\Exceptions\FrameworkException.php on line 33.
 1 SYSTEMPATH\View\View.php(201): CodeIgniter\Exceptions\FrameworkException::forInvalidFile('assets.php')
 2 SYSTEMPATH\Common.php(1184): CodeIgniter\View\View->render('assets', [], true)
 3 APPPATH\Controllers\Home.php(20): view('assets')
 4 SYSTEMPATH\CodeIgniter.php(934): App\Controllers\Home->showPages('assets', 'js', 'plyr.min.js.map')
 5 SYSTEMPATH\CodeIgniter.php(499): CodeIgniter\CodeIgniter->runController(Object(App\Controllers\Home))
 6 SYSTEMPATH\CodeIgniter.php(368): CodeIgniter\CodeIgniter->handleRequest(null, Object(Config\Cache), false)
 7 FCPATH\index.php(67): CodeIgniter\CodeIgniter->run()
CRITICAL - 2023-05-31 11:12:31 --> Invalid file: "assets.php"
in SYSTEMPATH\Exceptions\FrameworkException.php on line 33.
 1 SYSTEMPATH\View\View.php(201): CodeIgniter\Exceptions\FrameworkException::forInvalidFile('assets.php')
 2 SYSTEMPATH\Common.php(1184): CodeIgniter\View\View->render('assets', [], true)
 3 APPPATH\Controllers\Home.php(20): view('assets')
 4 SYSTEMPATH\CodeIgniter.php(934): App\Controllers\Home->showPages('assets', 'js', 'plyr.min.js.map')
 5 SYSTEMPATH\CodeIgniter.php(499): CodeIgniter\CodeIgniter->runController(Object(App\Controllers\Home))
 6 SYSTEMPATH\CodeIgniter.php(368): CodeIgniter\CodeIgniter->handleRequest(null, Object(Config\Cache), false)
 7 FCPATH\index.php(67): CodeIgniter\CodeIgniter->run()
CRITICAL - 2023-05-31 11:12:41 --> Invalid file: "assets.php"
in SYSTEMPATH\Exceptions\FrameworkException.php on line 33.
 1 SYSTEMPATH\View\View.php(201): CodeIgniter\Exceptions\FrameworkException::forInvalidFile('assets.php')
 2 SYSTEMPATH\Common.php(1184): CodeIgniter\View\View->render('assets', [], true)
 3 APPPATH\Controllers\Home.php(20): view('assets')
 4 SYSTEMPATH\CodeIgniter.php(934): App\Controllers\Home->showPages('assets', 'js', 'plyr.min.js.map')
 5 SYSTEMPATH\CodeIgniter.php(499): CodeIgniter\CodeIgniter->runController(Object(App\Controllers\Home))
 6 SYSTEMPATH\CodeIgniter.php(368): CodeIgniter\CodeIgniter->handleRequest(null, Object(Config\Cache), false)
 7 FCPATH\index.php(67): CodeIgniter\CodeIgniter->run()
CRITICAL - 2023-05-31 11:12:51 --> Invalid file: "assets.php"
in SYSTEMPATH\Exceptions\FrameworkException.php on line 33.
 1 SYSTEMPATH\View\View.php(201): CodeIgniter\Exceptions\FrameworkException::forInvalidFile('assets.php')
 2 SYSTEMPATH\Common.php(1184): CodeIgniter\View\View->render('assets', [], true)
 3 APPPATH\Controllers\Home.php(20): view('assets')
 4 SYSTEMPATH\CodeIgniter.php(934): App\Controllers\Home->showPages('assets', 'js', 'plyr.min.js.map')
 5 SYSTEMPATH\CodeIgniter.php(499): CodeIgniter\CodeIgniter->runController(Object(App\Controllers\Home))
 6 SYSTEMPATH\CodeIgniter.php(368): CodeIgniter\CodeIgniter->handleRequest(null, Object(Config\Cache), false)
 7 FCPATH\index.php(67): CodeIgniter\CodeIgniter->run()
CRITICAL - 2023-05-31 11:13:06 --> Invalid file: "assets.php"
in SYSTEMPATH\Exceptions\FrameworkException.php on line 33.
 1 SYSTEMPATH\View\View.php(201): CodeIgniter\Exceptions\FrameworkException::forInvalidFile('assets.php')
 2 SYSTEMPATH\Common.php(1184): CodeIgniter\View\View->render('assets', [], true)
 3 APPPATH\Controllers\Home.php(20): view('assets')
 4 SYSTEMPATH\CodeIgniter.php(934): App\Controllers\Home->showPages('assets', 'js', 'plyr.min.js.map')
 5 SYSTEMPATH\CodeIgniter.php(499): CodeIgniter\CodeIgniter->runController(Object(App\Controllers\Home))
 6 SYSTEMPATH\CodeIgniter.php(368): CodeIgniter\CodeIgniter->handleRequest(null, Object(Config\Cache), false)
 7 FCPATH\index.php(67): CodeIgniter\CodeIgniter->run()
CRITICAL - 2023-05-31 11:13:59 --> Invalid file: "assets.php"
in SYSTEMPATH\Exceptions\FrameworkException.php on line 33.
 1 SYSTEMPATH\View\View.php(201): CodeIgniter\Exceptions\FrameworkException::forInvalidFile('assets.php')
 2 SYSTEMPATH\Common.php(1184): CodeIgniter\View\View->render('assets', [], true)
 3 APPPATH\Controllers\Home.php(20): view('assets')
 4 SYSTEMPATH\CodeIgniter.php(934): App\Controllers\Home->showPages('assets', 'js', 'plyr.min.js.map')
 5 SYSTEMPATH\CodeIgniter.php(499): CodeIgniter\CodeIgniter->runController(Object(App\Controllers\Home))
 6 SYSTEMPATH\CodeIgniter.php(368): CodeIgniter\CodeIgniter->handleRequest(null, Object(Config\Cache), false)
 7 FCPATH\index.php(67): CodeIgniter\CodeIgniter->run()
CRITICAL - 2023-05-31 11:14:47 --> Invalid file: "assets.php"
in SYSTEMPATH\Exceptions\FrameworkException.php on line 33.
 1 SYSTEMPATH\View\View.php(201): CodeIgniter\Exceptions\FrameworkException::forInvalidFile('assets.php')
 2 SYSTEMPATH\Common.php(1184): CodeIgniter\View\View->render('assets', [], true)
 3 APPPATH\Controllers\Home.php(20): view('assets')
 4 SYSTEMPATH\CodeIgniter.php(934): App\Controllers\Home->showPages('assets', 'js', 'plyr.min.js.map')
 5 SYSTEMPATH\CodeIgniter.php(499): CodeIgniter\CodeIgniter->runController(Object(App\Controllers\Home))
 6 SYSTEMPATH\CodeIgniter.php(368): CodeIgniter\CodeIgniter->handleRequest(null, Object(Config\Cache), false)
 7 FCPATH\index.php(67): CodeIgniter\CodeIgniter->run()
CRITICAL - 2023-05-31 11:17:15 --> Invalid file: "assets.php"
in SYSTEMPATH\Exceptions\FrameworkException.php on line 33.
 1 SYSTEMPATH\View\View.php(201): CodeIgniter\Exceptions\FrameworkException::forInvalidFile('assets.php')
 2 SYSTEMPATH\Common.php(1184): CodeIgniter\View\View->render('assets', [], true)
 3 APPPATH\Controllers\Home.php(20): view('assets')
 4 SYSTEMPATH\CodeIgniter.php(934): App\Controllers\Home->showPages('assets', 'js', 'plyr.min.js.map')
 5 SYSTEMPATH\CodeIgniter.php(499): CodeIgniter\CodeIgniter->runController(Object(App\Controllers\Home))
 6 SYSTEMPATH\CodeIgniter.php(368): CodeIgniter\CodeIgniter->handleRequest(null, Object(Config\Cache), false)
 7 FCPATH\index.php(67): CodeIgniter\CodeIgniter->run()
CRITICAL - 2023-05-31 11:17:24 --> Invalid file: "assets.php"
in SYSTEMPATH\Exceptions\FrameworkException.php on line 33.
 1 SYSTEMPATH\View\View.php(201): CodeIgniter\Exceptions\FrameworkException::forInvalidFile('assets.php')
 2 SYSTEMPATH\Common.php(1184): CodeIgniter\View\View->render('assets', [], true)
 3 APPPATH\Controllers\Home.php(20): view('assets')
 4 SYSTEMPATH\CodeIgniter.php(934): App\Controllers\Home->showPages('assets', 'js', 'plyr.min.js.map')
 5 SYSTEMPATH\CodeIgniter.php(499): CodeIgniter\CodeIgniter->runController(Object(App\Controllers\Home))
 6 SYSTEMPATH\CodeIgniter.php(368): CodeIgniter\CodeIgniter->handleRequest(null, Object(Config\Cache), false)
 7 FCPATH\index.php(67): CodeIgniter\CodeIgniter->run()
CRITICAL - 2023-05-31 11:17:51 --> Invalid file: "assets.php"
in SYSTEMPATH\Exceptions\FrameworkException.php on line 33.
 1 SYSTEMPATH\View\View.php(201): CodeIgniter\Exceptions\FrameworkException::forInvalidFile('assets.php')
 2 SYSTEMPATH\Common.php(1184): CodeIgniter\View\View->render('assets', [], true)
 3 APPPATH\Controllers\Home.php(20): view('assets')
 4 SYSTEMPATH\CodeIgniter.php(934): App\Controllers\Home->showPages('assets', 'js', 'plyr.min.js.map')
 5 SYSTEMPATH\CodeIgniter.php(499): CodeIgniter\CodeIgniter->runController(Object(App\Controllers\Home))
 6 SYSTEMPATH\CodeIgniter.php(368): CodeIgniter\CodeIgniter->handleRequest(null, Object(Config\Cache), false)
 7 FCPATH\index.php(67): CodeIgniter\CodeIgniter->run()
CRITICAL - 2023-05-31 11:28:43 --> Invalid file: "assets.php"
in SYSTEMPATH\Exceptions\FrameworkException.php on line 33.
 1 SYSTEMPATH\View\View.php(201): CodeIgniter\Exceptions\FrameworkException::forInvalidFile('assets.php')
 2 SYSTEMPATH\Common.php(1184): CodeIgniter\View\View->render('assets', [], true)
 3 APPPATH\Controllers\Home.php(20): view('assets')
 4 SYSTEMPATH\CodeIgniter.php(934): App\Controllers\Home->showPages('assets', 'js', 'plyr.min.js.map')
 5 SYSTEMPATH\CodeIgniter.php(499): CodeIgniter\CodeIgniter->runController(Object(App\Controllers\Home))
 6 SYSTEMPATH\CodeIgniter.php(368): CodeIgniter\CodeIgniter->handleRequest(null, Object(Config\Cache), false)
 7 FCPATH\index.php(67): CodeIgniter\CodeIgniter->run()
CRITICAL - 2023-05-31 11:29:28 --> Invalid file: "assets.php"
in SYSTEMPATH\Exceptions\FrameworkException.php on line 33.
 1 SYSTEMPATH\View\View.php(201): CodeIgniter\Exceptions\FrameworkException::forInvalidFile('assets.php')
 2 SYSTEMPATH\Common.php(1184): CodeIgniter\View\View->render('assets', [], true)
 3 APPPATH\Controllers\Home.php(20): view('assets')
 4 SYSTEMPATH\CodeIgniter.php(934): App\Controllers\Home->showPages('assets', 'js', 'plyr.min.js.map')
 5 SYSTEMPATH\CodeIgniter.php(499): CodeIgniter\CodeIgniter->runController(Object(App\Controllers\Home))
 6 SYSTEMPATH\CodeIgniter.php(368): CodeIgniter\CodeIgniter->handleRequest(null, Object(Config\Cache), false)
 7 FCPATH\index.php(67): CodeIgniter\CodeIgniter->run()
CRITICAL - 2023-05-31 11:29:45 --> Invalid file: "assets.php"
in SYSTEMPATH\Exceptions\FrameworkException.php on line 33.
 1 SYSTEMPATH\View\View.php(201): CodeIgniter\Exceptions\FrameworkException::forInvalidFile('assets.php')
 2 SYSTEMPATH\Common.php(1184): CodeIgniter\View\View->render('assets', [], true)
 3 APPPATH\Controllers\Home.php(20): view('assets')
 4 SYSTEMPATH\CodeIgniter.php(934): App\Controllers\Home->showPages('assets', 'js', 'plyr.min.js.map')
 5 SYSTEMPATH\CodeIgniter.php(499): CodeIgniter\CodeIgniter->runController(Object(App\Controllers\Home))
 6 SYSTEMPATH\CodeIgniter.php(368): CodeIgniter\CodeIgniter->handleRequest(null, Object(Config\Cache), false)
 7 FCPATH\index.php(67): CodeIgniter\CodeIgniter->run()
CRITICAL - 2023-05-31 11:40:57 --> Invalid file: "assets.php"
in SYSTEMPATH\Exceptions\FrameworkException.php on line 33.
 1 SYSTEMPATH\View\View.php(201): CodeIgniter\Exceptions\FrameworkException::forInvalidFile('assets.php')
 2 SYSTEMPATH\Common.php(1184): CodeIgniter\View\View->render('assets', [], true)
 3 APPPATH\Controllers\Home.php(20): view('assets')
 4 SYSTEMPATH\CodeIgniter.php(934): App\Controllers\Home->showPages('assets', 'js', 'plyr.min.js.map')
 5 SYSTEMPATH\CodeIgniter.php(499): CodeIgniter\CodeIgniter->runController(Object(App\Controllers\Home))
 6 SYSTEMPATH\CodeIgniter.php(368): CodeIgniter\CodeIgniter->handleRequest(null, Object(Config\Cache), false)
 7 FCPATH\index.php(67): CodeIgniter\CodeIgniter->run()
CRITICAL - 2023-05-31 11:49:18 --> Invalid file: "assets.php"
in SYSTEMPATH\Exceptions\FrameworkException.php on line 33.
 1 SYSTEMPATH\View\View.php(201): CodeIgniter\Exceptions\FrameworkException::forInvalidFile('assets.php')
 2 SYSTEMPATH\Common.php(1184): CodeIgniter\View\View->render('assets', [], true)
 3 APPPATH\Controllers\Home.php(20): view('assets')
 4 SYSTEMPATH\CodeIgniter.php(934): App\Controllers\Home->showPages('assets', 'js', 'plyr.min.js.map')
 5 SYSTEMPATH\CodeIgniter.php(499): CodeIgniter\CodeIgniter->runController(Object(App\Controllers\Home))
 6 SYSTEMPATH\CodeIgniter.php(368): CodeIgniter\CodeIgniter->handleRequest(null, Object(Config\Cache), false)
 7 FCPATH\index.php(67): CodeIgniter\CodeIgniter->run()
CRITICAL - 2023-05-31 11:49:37 --> Invalid file: "assets.php"
in SYSTEMPATH\Exceptions\FrameworkException.php on line 33.
 1 SYSTEMPATH\View\View.php(201): CodeIgniter\Exceptions\FrameworkException::forInvalidFile('assets.php')
 2 SYSTEMPATH\Common.php(1184): CodeIgniter\View\View->render('assets', [], true)
 3 APPPATH\Controllers\Home.php(20): view('assets')
 4 SYSTEMPATH\CodeIgniter.php(934): App\Controllers\Home->showPages('assets', 'js', 'plyr.min.js.map')
 5 SYSTEMPATH\CodeIgniter.php(499): CodeIgniter\CodeIgniter->runController(Object(App\Controllers\Home))
 6 SYSTEMPATH\CodeIgniter.php(368): CodeIgniter\CodeIgniter->handleRequest(null, Object(Config\Cache), false)
 7 FCPATH\index.php(67): CodeIgniter\CodeIgniter->run()
CRITICAL - 2023-05-31 11:52:03 --> Invalid file: "assets.php"
in SYSTEMPATH\Exceptions\FrameworkException.php on line 33.
 1 SYSTEMPATH\View\View.php(201): CodeIgniter\Exceptions\FrameworkException::forInvalidFile('assets.php')
 2 SYSTEMPATH\Common.php(1184): CodeIgniter\View\View->render('assets', [], true)
 3 APPPATH\Controllers\Home.php(20): view('assets')
 4 SYSTEMPATH\CodeIgniter.php(934): App\Controllers\Home->showPages('assets', 'js', 'plyr.min.js.map')
 5 SYSTEMPATH\CodeIgniter.php(499): CodeIgniter\CodeIgniter->runController(Object(App\Controllers\Home))
 6 SYSTEMPATH\CodeIgniter.php(368): CodeIgniter\CodeIgniter->handleRequest(null, Object(Config\Cache), false)
 7 FCPATH\index.php(67): CodeIgniter\CodeIgniter->run()
CRITICAL - 2023-05-31 11:52:36 --> Invalid file: "assets.php"
in SYSTEMPATH\Exceptions\FrameworkException.php on line 33.
 1 SYSTEMPATH\View\View.php(201): CodeIgniter\Exceptions\FrameworkException::forInvalidFile('assets.php')
 2 SYSTEMPATH\Common.php(1184): CodeIgniter\View\View->render('assets', [], true)
 3 APPPATH\Controllers\Home.php(20): view('assets')
 4 SYSTEMPATH\CodeIgniter.php(934): App\Controllers\Home->showPages('assets', 'js', 'plyr.min.js.map')
 5 SYSTEMPATH\CodeIgniter.php(499): CodeIgniter\CodeIgniter->runController(Object(App\Controllers\Home))
 6 SYSTEMPATH\CodeIgniter.php(368): CodeIgniter\CodeIgniter->handleRequest(null, Object(Config\Cache), false)
 7 FCPATH\index.php(67): CodeIgniter\CodeIgniter->run()
CRITICAL - 2023-05-31 11:52:53 --> Invalid file: "assets.php"
in SYSTEMPATH\Exceptions\FrameworkException.php on line 33.
 1 SYSTEMPATH\View\View.php(201): CodeIgniter\Exceptions\FrameworkException::forInvalidFile('assets.php')
 2 SYSTEMPATH\Common.php(1184): CodeIgniter\View\View->render('assets', [], true)
 3 APPPATH\Controllers\Home.php(20): view('assets')
 4 SYSTEMPATH\CodeIgniter.php(934): App\Controllers\Home->showPages('assets', 'js', 'plyr.min.js.map')
 5 SYSTEMPATH\CodeIgniter.php(499): CodeIgniter\CodeIgniter->runController(Object(App\Controllers\Home))
 6 SYSTEMPATH\CodeIgniter.php(368): CodeIgniter\CodeIgniter->handleRequest(null, Object(Config\Cache), false)
 7 FCPATH\index.php(67): CodeIgniter\CodeIgniter->run()
CRITICAL - 2023-05-31 11:53:04 --> Invalid file: "assets.php"
in SYSTEMPATH\Exceptions\FrameworkException.php on line 33.
 1 SYSTEMPATH\View\View.php(201): CodeIgniter\Exceptions\FrameworkException::forInvalidFile('assets.php')
 2 SYSTEMPATH\Common.php(1184): CodeIgniter\View\View->render('assets', [], true)
 3 APPPATH\Controllers\Home.php(20): view('assets')
 4 SYSTEMPATH\CodeIgniter.php(934): App\Controllers\Home->showPages('assets', 'js', 'plyr.min.js.map')
 5 SYSTEMPATH\CodeIgniter.php(499): CodeIgniter\CodeIgniter->runController(Object(App\Controllers\Home))
 6 SYSTEMPATH\CodeIgniter.php(368): CodeIgniter\CodeIgniter->handleRequest(null, Object(Config\Cache), false)
 7 FCPATH\index.php(67): CodeIgniter\CodeIgniter->run()
CRITICAL - 2023-05-31 11:53:29 --> Invalid file: "assets.php"
in SYSTEMPATH\Exceptions\FrameworkException.php on line 33.
 1 SYSTEMPATH\View\View.php(201): CodeIgniter\Exceptions\FrameworkException::forInvalidFile('assets.php')
 2 SYSTEMPATH\Common.php(1184): CodeIgniter\View\View->render('assets', [], true)
 3 APPPATH\Controllers\Home.php(20): view('assets')
 4 SYSTEMPATH\CodeIgniter.php(934): App\Controllers\Home->showPages('assets', 'js', 'plyr.min.js.map')
 5 SYSTEMPATH\CodeIgniter.php(499): CodeIgniter\CodeIgniter->runController(Object(App\Controllers\Home))
 6 SYSTEMPATH\CodeIgniter.php(368): CodeIgniter\CodeIgniter->handleRequest(null, Object(Config\Cache), false)
 7 FCPATH\index.php(67): CodeIgniter\CodeIgniter->run()
CRITICAL - 2023-05-31 11:54:15 --> Invalid file: "assets.php"
in SYSTEMPATH\Exceptions\FrameworkException.php on line 33.
 1 SYSTEMPATH\View\View.php(201): CodeIgniter\Exceptions\FrameworkException::forInvalidFile('assets.php')
 2 SYSTEMPATH\Common.php(1184): CodeIgniter\View\View->render('assets', [], true)
 3 APPPATH\Controllers\Home.php(20): view('assets')
 4 SYSTEMPATH\CodeIgniter.php(934): App\Controllers\Home->showPages('assets', 'js', 'plyr.min.js.map')
 5 SYSTEMPATH\CodeIgniter.php(499): CodeIgniter\CodeIgniter->runController(Object(App\Controllers\Home))
 6 SYSTEMPATH\CodeIgniter.php(368): CodeIgniter\CodeIgniter->handleRequest(null, Object(Config\Cache), false)
 7 FCPATH\index.php(67): CodeIgniter\CodeIgniter->run()
CRITICAL - 2023-05-31 11:54:20 --> Invalid file: "assets.php"
in SYSTEMPATH\Exceptions\FrameworkException.php on line 33.
 1 SYSTEMPATH\View\View.php(201): CodeIgniter\Exceptions\FrameworkException::forInvalidFile('assets.php')
 2 SYSTEMPATH\Common.php(1184): CodeIgniter\View\View->render('assets', [], true)
 3 APPPATH\Controllers\Home.php(20): view('assets')
 4 SYSTEMPATH\CodeIgniter.php(934): App\Controllers\Home->showPages('assets', 'js', 'plyr.min.js.map')
 5 SYSTEMPATH\CodeIgniter.php(499): CodeIgniter\CodeIgniter->runController(Object(App\Controllers\Home))
 6 SYSTEMPATH\CodeIgniter.php(368): CodeIgniter\CodeIgniter->handleRequest(null, Object(Config\Cache), false)
 7 FCPATH\index.php(67): CodeIgniter\CodeIgniter->run()
CRITICAL - 2023-05-31 11:54:48 --> Invalid file: "assets.php"
in SYSTEMPATH\Exceptions\FrameworkException.php on line 33.
 1 SYSTEMPATH\View\View.php(201): CodeIgniter\Exceptions\FrameworkException::forInvalidFile('assets.php')
 2 SYSTEMPATH\Common.php(1184): CodeIgniter\View\View->render('assets', [], true)
 3 APPPATH\Controllers\Home.php(20): view('assets')
 4 SYSTEMPATH\CodeIgniter.php(934): App\Controllers\Home->showPages('assets', 'js', 'plyr.min.js.map')
 5 SYSTEMPATH\CodeIgniter.php(499): CodeIgniter\CodeIgniter->runController(Object(App\Controllers\Home))
 6 SYSTEMPATH\CodeIgniter.php(368): CodeIgniter\CodeIgniter->handleRequest(null, Object(Config\Cache), false)
 7 FCPATH\index.php(67): CodeIgniter\CodeIgniter->run()
CRITICAL - 2023-05-31 12:10:39 --> Invalid file: "assets.php"
in SYSTEMPATH\Exceptions\FrameworkException.php on line 33.
 1 SYSTEMPATH\View\View.php(201): CodeIgniter\Exceptions\FrameworkException::forInvalidFile('assets.php')
 2 SYSTEMPATH\Common.php(1184): CodeIgniter\View\View->render('assets', [], true)
 3 APPPATH\Controllers\Home.php(20): view('assets')
 4 SYSTEMPATH\CodeIgniter.php(934): App\Controllers\Home->showPages('assets', 'js', 'plyr.min.js.map')
 5 SYSTEMPATH\CodeIgniter.php(499): CodeIgniter\CodeIgniter->runController(Object(App\Controllers\Home))
 6 SYSTEMPATH\CodeIgniter.php(368): CodeIgniter\CodeIgniter->handleRequest(null, Object(Config\Cache), false)
 7 FCPATH\index.php(67): CodeIgniter\CodeIgniter->run()
CRITICAL - 2023-05-31 12:10:47 --> Invalid file: "assets.php"
in SYSTEMPATH\Exceptions\FrameworkException.php on line 33.
 1 SYSTEMPATH\View\View.php(201): CodeIgniter\Exceptions\FrameworkException::forInvalidFile('assets.php')
 2 SYSTEMPATH\Common.php(1184): CodeIgniter\View\View->render('assets', [], true)
 3 APPPATH\Controllers\Home.php(20): view('assets')
 4 SYSTEMPATH\CodeIgniter.php(934): App\Controllers\Home->showPages('assets', 'js', 'plyr.min.js.map')
 5 SYSTEMPATH\CodeIgniter.php(499): CodeIgniter\CodeIgniter->runController(Object(App\Controllers\Home))
 6 SYSTEMPATH\CodeIgniter.php(368): CodeIgniter\CodeIgniter->handleRequest(null, Object(Config\Cache), false)
 7 FCPATH\index.php(67): CodeIgniter\CodeIgniter->run()
CRITICAL - 2023-05-31 12:10:56 --> Invalid file: "assets.php"
in SYSTEMPATH\Exceptions\FrameworkException.php on line 33.
 1 SYSTEMPATH\View\View.php(201): CodeIgniter\Exceptions\FrameworkException::forInvalidFile('assets.php')
 2 SYSTEMPATH\Common.php(1184): CodeIgniter\View\View->render('assets', [], true)
 3 APPPATH\Controllers\Home.php(20): view('assets')
 4 SYSTEMPATH\CodeIgniter.php(934): App\Controllers\Home->showPages('assets', 'js', 'plyr.min.js.map')
 5 SYSTEMPATH\CodeIgniter.php(499): CodeIgniter\CodeIgniter->runController(Object(App\Controllers\Home))
 6 SYSTEMPATH\CodeIgniter.php(368): CodeIgniter\CodeIgniter->handleRequest(null, Object(Config\Cache), false)
 7 FCPATH\index.php(67): CodeIgniter\CodeIgniter->run()
CRITICAL - 2023-05-31 12:11:18 --> Invalid file: "assets.php"
in SYSTEMPATH\Exceptions\FrameworkException.php on line 33.
 1 SYSTEMPATH\View\View.php(201): CodeIgniter\Exceptions\FrameworkException::forInvalidFile('assets.php')
 2 SYSTEMPATH\Common.php(1184): CodeIgniter\View\View->render('assets', [], true)
 3 APPPATH\Controllers\Home.php(20): view('assets')
 4 SYSTEMPATH\CodeIgniter.php(934): App\Controllers\Home->showPages('assets', 'js', 'plyr.min.js.map')
 5 SYSTEMPATH\CodeIgniter.php(499): CodeIgniter\CodeIgniter->runController(Object(App\Controllers\Home))
 6 SYSTEMPATH\CodeIgniter.php(368): CodeIgniter\CodeIgniter->handleRequest(null, Object(Config\Cache), false)
 7 FCPATH\index.php(67): CodeIgniter\CodeIgniter->run()
CRITICAL - 2023-05-31 12:11:26 --> Invalid file: "assets.php"
in SYSTEMPATH\Exceptions\FrameworkException.php on line 33.
 1 SYSTEMPATH\View\View.php(201): CodeIgniter\Exceptions\FrameworkException::forInvalidFile('assets.php')
 2 SYSTEMPATH\Common.php(1184): CodeIgniter\View\View->render('assets', [], true)
 3 APPPATH\Controllers\Home.php(20): view('assets')
 4 SYSTEMPATH\CodeIgniter.php(934): App\Controllers\Home->showPages('assets', 'js', 'plyr.min.js.map')
 5 SYSTEMPATH\CodeIgniter.php(499): CodeIgniter\CodeIgniter->runController(Object(App\Controllers\Home))
 6 SYSTEMPATH\CodeIgniter.php(368): CodeIgniter\CodeIgniter->handleRequest(null, Object(Config\Cache), false)
 7 FCPATH\index.php(67): CodeIgniter\CodeIgniter->run()
CRITICAL - 2023-05-31 12:17:25 --> Invalid file: "assets.php"
in SYSTEMPATH\Exceptions\FrameworkException.php on line 33.
 1 SYSTEMPATH\View\View.php(201): CodeIgniter\Exceptions\FrameworkException::forInvalidFile('assets.php')
 2 SYSTEMPATH\Common.php(1184): CodeIgniter\View\View->render('assets', [], true)
 3 APPPATH\Controllers\Home.php(20): view('assets')
 4 SYSTEMPATH\CodeIgniter.php(934): App\Controllers\Home->showPages('assets', 'js', 'plyr.min.js.map')
 5 SYSTEMPATH\CodeIgniter.php(499): CodeIgniter\CodeIgniter->runController(Object(App\Controllers\Home))
 6 SYSTEMPATH\CodeIgniter.php(368): CodeIgniter\CodeIgniter->handleRequest(null, Object(Config\Cache), false)
 7 FCPATH\index.php(67): CodeIgniter\CodeIgniter->run()
CRITICAL - 2023-05-31 12:18:48 --> Invalid file: "assets.php"
in SYSTEMPATH\Exceptions\FrameworkException.php on line 33.
 1 SYSTEMPATH\View\View.php(201): CodeIgniter\Exceptions\FrameworkException::forInvalidFile('assets.php')
 2 SYSTEMPATH\Common.php(1184): CodeIgniter\View\View->render('assets', [], true)
 3 APPPATH\Controllers\Home.php(20): view('assets')
 4 SYSTEMPATH\CodeIgniter.php(934): App\Controllers\Home->showPages('assets', 'js', 'plyr.min.js.map')
 5 SYSTEMPATH\CodeIgniter.php(499): CodeIgniter\CodeIgniter->runController(Object(App\Controllers\Home))
 6 SYSTEMPATH\CodeIgniter.php(368): CodeIgniter\CodeIgniter->handleRequest(null, Object(Config\Cache), false)
 7 FCPATH\index.php(67): CodeIgniter\CodeIgniter->run()
